2019-03-07 20:23:14 INFO  ThreadParse:24 - Батя в парере C:\Users\Alexandr\Downloads\Project_uni\Exel\09.03.01_АСКЗиОИ_ИКБСП_2016.plm.xml.xls
2019-03-07 20:23:15 INFO  ThreadParse:27 - Бэнг (План) C:\Users\Alexandr\Downloads\Project_uni\Exel\09.03.01_АСКЗиОИ_ИКБСП_2016.plm.xml.xls
2019-03-07 20:23:15 INFO  ThreadParse:30 - Бэнг (Компетенции) C:\Users\Alexandr\Downloads\Project_uni\Exel\09.03.01_АСКЗиОИ_ИКБСП_2016.plm.xml.xls
2019-03-07 20:23:15 INFO  Plan:75 -  Информатика и вычислительная техника
2019-03-07 20:23:15 INFO  ThreadParse:33 - Бэнг (План сам) C:\Users\Alexandr\Downloads\Project_uni\Exel\09.03.01_АСКЗиОИ_ИКБСП_2016.plm.xml.xls
2019-03-07 20:23:29 INFO  ThreadParse:36 - Кинул в бд C:\Users\Alexandr\Downloads\Project_uni\Exel\09.03.01_АСКЗиОИ_ИКБСП_2016.plm.xml.xls
2019-03-07 20:23:29 INFO  ThreadParse:38 - Батя покидает парсер C:\Users\Alexandr\Downloads\Project_uni\Exel\09.03.01_АСКЗиОИ_ИКБСП_2016.plm.xml.xls
2019-03-08 16:09:31 INFO  ThreadParse:146 - Б1.Б.1 Иностранный язык 
2019-03-08 16:09:31 INFO  ThreadParse:146 - Экзамены :0.0 Зачеты :0.0 Зачеты с оценкой :4 Курсовые проекты :1-3 Курсовые работы :0.0 Реферат :0.0 
2019-03-08 16:09:31 INFO  ThreadParse:146 -  СР 0.0  Контроль 128 По ЗЕТ 0.0  Часов в з.е. 360  Итог: экспертное  360  Контакт часы 0.0 
2019-03-08 16:09:31 INFO  ThreadParse:146 - 2 семестр Курсовые проекты  90.0 0.0 0.0 32.0 0.0 40.0 18.0 
2019-03-08 16:09:31 INFO  ThreadParse:146 - 4 семестр Зачеты с оценкой  90.0 0.0 0.0 32.0 0.0 22.0 36.0 
2019-03-08 16:09:31 INFO  ThreadParse:146 - 1 семестр Курсовые проекты  90.0 0.0 0.0 32.0 0.0 40.0 18.0 
2019-03-08 16:09:31 INFO  ThreadParse:146 - 3 семестр Курсовые проекты  90.0 0.0 0.0 32.0 0.0 40.0 18.0 
2019-03-08 16:09:31 INFO  ThreadParse:146 -  Номер кафедры 177.0  Кафедра ОП-7 «Иностранные языки» 
2019-03-08 16:09:31 INFO  ThreadParse:146 - Б1.Б.2 История 
2019-03-08 16:09:31 INFO  ThreadParse:146 - Экзамены :0.0 Зачеты :0.0 Зачеты с оценкой :1 Курсовые проекты :0.0 Курсовые работы :0.0 Реферат :0.0 
2019-03-08 16:09:31 INFO  ThreadParse:146 -  СР 0.0  Контроль 16 По ЗЕТ 0.0  Часов в з.е. 108  Итог: экспертное  108  Контакт часы 16 
2019-03-08 16:09:31 INFO  ThreadParse:146 - 1 семестр Зачеты с оценкой  108.0 16.0 0.0 16.0 0.0 40.0 36.0 
2019-03-08 16:09:31 INFO  ThreadParse:146 -  Номер кафедры 180.0  Кафедра ОП-10 «История» 
2019-03-08 16:09:31 INFO  ThreadParse:146 - Б1.Б.3 Философия 
2019-03-08 16:09:31 INFO  ThreadParse:146 - Экзамены :0.0 Зачеты :0.0 Зачеты с оценкой :4 Курсовые проекты :0.0 Курсовые работы :0.0 Реферат :0.0 
2019-03-08 16:09:31 INFO  ThreadParse:146 -  СР 0.0  Контроль 32 По ЗЕТ 0.0  Часов в з.е. 144  Итог: экспертное  144  Контакт часы 32 
2019-03-08 16:09:31 INFO  ThreadParse:146 - 4 семестр Зачеты с оценкой  144.0 32.0 0.0 32.0 0.0 44.0 36.0 
2019-03-08 16:09:31 INFO  ThreadParse:146 -  Номер кафедры 176.0  Кафедра ОП-6 «Философия» 
2019-03-08 16:09:31 INFO  ThreadParse:146 - Б1.Б.4 Экономика 
2019-03-08 16:09:31 INFO  ThreadParse:146 - Экзамены :0.0 Зачеты :0.0 Зачеты с оценкой :0.0 Курсовые проекты :2 Курсовые работы :0.0 Реферат :0.0 
2019-03-08 16:09:31 INFO  ThreadParse:146 -  СР 0.0  Контроль 16 По ЗЕТ 0.0  Часов в з.е. 72  Итог: экспертное  72  Контакт часы 16 
2019-03-08 16:09:31 INFO  ThreadParse:146 - 2 семестр Курсовые проекты  72.0 16.0 0.0 16.0 0.0 22.0 18.0 
2019-03-08 16:09:31 INFO  ThreadParse:146 -  Номер кафедры 119.0  Кафедра КБ-9 «Прикладная и бизнес-информатика» 
2019-03-08 16:09:31 INFO  ThreadParse:146 - Б1.Б.5 Правоведение 
2019-03-08 16:09:31 INFO  ThreadParse:146 - Экзамены :0.0 Зачеты :0.0 Зачеты с оценкой :0.0 Курсовые проекты :2 Курсовые работы :0.0 Реферат :0.0 
2019-03-08 16:09:31 INFO  ThreadParse:146 -  СР 0.0  Контроль 16 По ЗЕТ 0.0  Часов в з.е. 72  Итог: экспертное  72  Контакт часы 16 
2019-03-08 16:09:31 INFO  ThreadParse:146 - 2 семестр Курсовые проекты  72.0 16.0 0.0 16.0 0.0 22.0 18.0 
2019-03-08 16:09:31 INFO  ThreadParse:146 -  Номер кафедры 179.0  Кафедра ОП-9 «Правоведение» 
2019-03-08 16:09:31 INFO  ThreadParse:146 - Б1.Б.6.1 Математический анализ 
2019-03-08 16:09:31 INFO  ThreadParse:146 - Экзамены :0.0 Зачеты :0.0 Зачеты с оценкой :13 Курсовые проекты :2 Курсовые работы :0.0 Реферат :0.0 
2019-03-08 16:09:31 INFO  ThreadParse:146 -  СР 0.0  Контроль 96 По ЗЕТ 0.0  Часов в з.е. 396  Итог: экспертное  396  Контакт часы 96 
2019-03-08 16:09:31 INFO  ThreadParse:146 - 2 семестр Курсовые проекты  108.0 32.0 0.0 32.0 0.0 26.0 18.0 
2019-03-08 16:09:31 INFO  ThreadParse:146 - 1 семестр Зачеты с оценкой  144.0 32.0 0.0 32.0 0.0 44.0 36.0 
2019-03-08 16:09:31 INFO  ThreadParse:146 - 3 семестр Зачеты с оценкой  144.0 32.0 0.0 32.0 0.0 44.0 36.0 
2019-03-08 16:09:31 INFO  ThreadParse:146 -  Номер кафедры 171.0  Кафедра ОП-1 «Высшая математика» 
2019-03-08 16:09:31 INFO  ThreadParse:146 - Б1.Б.6.2 Алгебра и геометрия 
2019-03-08 16:09:31 INFO  ThreadParse:146 - Экзамены :0.0 Зачеты :0.0 Зачеты с оценкой :2 Курсовые проекты :1 Курсовые работы :0.0 Реферат :0.0 
2019-03-08 16:09:31 INFO  ThreadParse:146 -  СР 0.0  Контроль 64 По ЗЕТ 0.0  Часов в з.е. 252  Итог: экспертное  252  Контакт часы 64 
2019-03-08 16:09:31 INFO  ThreadParse:146 - 2 семестр Зачеты с оценкой  144.0 32.0 0.0 32.0 0.0 44.0 36.0 
2019-03-08 16:09:31 INFO  ThreadParse:146 - 1 семестр Курсовые проекты  108.0 32.0 0.0 32.0 0.0 26.0 18.0 
2019-03-08 16:09:31 INFO  ThreadParse:146 -  Номер кафедры 171.0  Кафедра ОП-1 «Высшая математика» 
2019-03-08 16:09:31 INFO  ThreadParse:146 - Б1.Б.6.3 Теория вероятностей, математическая статистика и случайные процессы 
2019-03-08 16:09:31 INFO  ThreadParse:146 - Экзамены :0.0 Зачеты :0.0 Зачеты с оценкой :4 Курсовые проекты :0.0 Курсовые работы :0.0 Реферат :0.0 
2019-03-08 16:09:31 INFO  ThreadParse:146 -  СР 0.0  Контроль 32 По ЗЕТ 0.0  Часов в з.е. 144  Итог: экспертное  144  Контакт часы 16 
2019-03-08 16:09:31 INFO  ThreadParse:146 - 4 семестр Зачеты с оценкой  144.0 16.0 0.0 32.0 0.0 60.0 36.0 
2019-03-08 16:09:31 INFO  ThreadParse:146 -  Номер кафедры 171.0  Кафедра ОП-1 «Высшая математика» 
2019-03-08 16:09:31 INFO  ThreadParse:146 - Б1.Б.6.4 Дифференциальные уравнения 
2019-03-08 16:09:31 INFO  ThreadParse:146 - Экзамены :0.0 Зачеты :0.0 Зачеты с оценкой :0.0 Курсовые проекты :3 Курсовые работы :0.0 Реферат :0.0 
2019-03-08 16:09:31 INFO  ThreadParse:146 -  СР 0.0  Контроль 32 По ЗЕТ 0.0  Часов в з.е. 108  Итог: экспертное  108  Контакт часы 16 
2019-03-08 16:09:31 INFO  ThreadParse:146 - 3 семестр Курсовые проекты  108.0 16.0 0.0 32.0 0.0 42.0 18.0 
2019-03-08 16:09:31 INFO  ThreadParse:146 -  Номер кафедры 171.0  Кафедра ОП-1 «Высшая математика» 
2019-03-08 16:09:31 INFO  ThreadParse:146 - Б1.Б.7 Дискретная математика 
2019-03-08 16:09:31 INFO  ThreadParse:146 - Экзамены :0.0 Зачеты :0.0 Зачеты с оценкой :2 Курсовые проекты :0.0 Курсовые работы :0.0 Реферат :0.0 
2019-03-08 16:09:31 INFO  ThreadParse:146 -  СР 0.0  Контроль 16 По ЗЕТ 0.0  Часов в з.е. 108  Итог: экспертное  108  Контакт часы 32 
2019-03-08 16:09:31 INFO  ThreadParse:146 - 2 семестр Зачеты с оценкой  108.0 32.0 0.0 16.0 0.0 24.0 36.0 
2019-03-08 16:09:31 INFO  ThreadParse:146 -  Номер кафедры 176.0  Кафедра ОП-6 «Философия» 
2019-03-08 16:09:31 INFO  ThreadParse:146 - Б1.Б.8 Физика 
2019-03-08 16:09:31 INFO  ThreadParse:146 - Экзамены :0.0 Зачеты :0.0 Зачеты с оценкой :12 Курсовые проекты :3 Курсовые работы :0.0 Реферат :0.0 
2019-03-08 16:09:31 INFO  ThreadParse:146 -  СР 32  Контроль 48 По ЗЕТ 0.0  Часов в з.е. 396  Итог: экспертное  396  Контакт часы 80 
2019-03-08 16:09:31 INFO  ThreadParse:146 - 2 семестр Зачеты с оценкой  144.0 32.0 12.0 16.0 0.0 48.0 36.0 
2019-03-08 16:09:31 INFO  ThreadParse:146 - 1 семестр Зачеты с оценкой  144.0 32.0 12.0 16.0 0.0 48.0 36.0 
2019-03-08 16:09:31 INFO  ThreadParse:146 - 3 семестр Курсовые проекты  108.0 16.0 8.0 16.0 0.0 50.0 18.0 
2019-03-08 16:09:31 INFO  ThreadParse:146 -  Номер кафедры 163.0  Кафедра Резерв 163 (реорганизована) 
2019-03-08 16:09:31 INFO  ThreadParse:146 - Б1.Б.9 Информатика 
2019-03-08 16:09:31 INFO  ThreadParse:146 - Экзамены :0.0 Зачеты :0.0 Зачеты с оценкой :1 Курсовые проекты :0.0 Курсовые работы :0.0 Реферат :0.0 
2019-03-08 16:09:31 INFO  ThreadParse:146 -  СР 12  Контроль 16 По ЗЕТ 0.0  Часов в з.е. 144  Итог: экспертное  144  Контакт часы 32 
2019-03-08 16:09:31 INFO  ThreadParse:146 - 1 семестр Зачеты с оценкой  144.0 32.0 12.0 16.0 0.0 48.0 36.0 
2019-03-08 16:09:31 INFO  ThreadParse:146 -  Номер кафедры 114.0  Кафедра КБ-4 «Автоматизированные системы управления» 
2019-03-08 16:09:31 INFO  ThreadParse:146 - Б1.Б.10 Экология 
2019-03-08 16:09:31 INFO  ThreadParse:146 - Экзамены :0.0 Зачеты :0.0 Зачеты с оценкой :0.0 Курсовые проекты :2 Курсовые работы :0.0 Реферат :0.0 
2019-03-08 16:09:31 INFO  ThreadParse:146 -  СР 8  Контроль 8 По ЗЕТ 0.0  Часов в з.е. 72  Итог: экспертное  72  Контакт часы 16 
2019-03-08 16:09:31 INFO  ThreadParse:146 - 2 семестр Курсовые проекты  72.0 16.0 8.0 8.0 0.0 22.0 18.0 
2019-03-08 16:09:31 INFO  ThreadParse:146 -  Номер кафедры 166.0  Кафедра Резерв 166 (реорганизована) 
2019-03-08 16:09:31 INFO  ThreadParse:146 - Б1.Б.11 Безопасность жизнедеятельности 
2019-03-08 16:09:31 INFO  ThreadParse:146 - Экзамены :0.0 Зачеты :0.0 Зачеты с оценкой :0.0 Курсовые проекты :3 Курсовые работы :0.0 Реферат :0.0 
2019-03-08 16:09:31 INFO  ThreadParse:146 -  СР 8  Контроль 8 По ЗЕТ 0.0  Часов в з.е. 72  Итог: экспертное  72  Контакт часы 16 
2019-03-08 16:09:31 INFO  ThreadParse:146 - 3 семестр Курсовые проекты  72.0 16.0 8.0 8.0 0.0 22.0 18.0 
2019-03-08 16:09:31 INFO  ThreadParse:146 -  Номер кафедры 166.0  Кафедра Резерв 166 (реорганизована) 
2019-03-08 16:09:31 INFO  ThreadParse:146 - Б1.Б.12 Физическая культура и спорт 
2019-03-08 16:09:31 INFO  ThreadParse:146 - Экзамены :0.0 Зачеты :0.0 Зачеты с оценкой :0.0 Курсовые проекты :14 Курсовые работы :0.0 Реферат :0.0 
2019-03-08 16:09:31 INFO  ThreadParse:146 -  СР 0.0  Контроль 24 По ЗЕТ 0.0  Часов в з.е. 72  Итог: экспертное  72  Контакт часы 0.0 
2019-03-08 16:09:31 INFO  ThreadParse:146 - 2 семестр 18.0 0.0 0.0 6.0 0.0 12.0 0.0 
2019-03-08 16:09:31 INFO  ThreadParse:146 - 4 семестр Курсовые проекты  18.0 0.0 0.0 6.0 0.0 3.0 9.0 
2019-03-08 16:09:31 INFO  ThreadParse:146 - 1 семестр Курсовые проекты  18.0 0.0 0.0 6.0 0.0 3.0 9.0 
2019-03-08 16:09:31 INFO  ThreadParse:146 - 3 семестр 18.0 0.0 0.0 6.0 0.0 12.0 0.0 
2019-03-08 16:09:31 INFO  ThreadParse:146 -  Номер кафедры 178.0  Кафедра ОП-8 «Физическая культура и спорт» (реорганизована) 
2019-03-08 16:09:31 INFO  ThreadParse:146 - Б1.Б.13 Русский язык и культура речи 
2019-03-08 16:09:31 INFO  ThreadParse:146 - Экзамены :0.0 Зачеты :0.0 Зачеты с оценкой :0.0 Курсовые проекты :1 Курсовые работы :0.0 Реферат :0.0 
2019-03-08 16:09:31 INFO  ThreadParse:146 -  СР 0.0  Контроль 16 По ЗЕТ 0.0  Часов в з.е. 72  Итог: экспертное  72  Контакт часы 16 
2019-03-08 16:09:31 INFO  ThreadParse:146 - 1 семестр Курсовые проекты  72.0 16.0 0.0 16.0 0.0 22.0 18.0 
2019-03-08 16:09:31 INFO  ThreadParse:146 -  Номер кафедры 99.0  Кафедра Резерв 99 (реорганизована) 
2019-03-08 16:09:31 INFO  ThreadParse:146 - Б1.Б.14 Введение в профессиональную деятельность 
2019-03-08 16:09:31 INFO  ThreadParse:146 - Экзамены :0.0 Зачеты :0.0 Зачеты с оценкой :0.0 Курсовые проекты :1 Курсовые работы :0.0 Реферат :0.0 
2019-03-08 16:09:31 INFO  ThreadParse:146 -  СР 0.0  Контроль 16 По ЗЕТ 0.0  Часов в з.е. 72  Итог: экспертное  72  Контакт часы 16 
2019-03-08 16:09:31 INFO  ThreadParse:146 - 1 семестр Курсовые проекты  72.0 16.0 0.0 16.0 0.0 22.0 18.0 
2019-03-08 16:09:31 INFO  ThreadParse:146 -  Номер кафедры 114.0  Кафедра КБ-4 «Автоматизированные системы управления» 
2019-03-08 16:09:31 INFO  ThreadParse:146 - Б1.Б.15 Основы системной инженерии информационных процессов, технологий и систем 
2019-03-08 16:09:31 INFO  ThreadParse:146 - Экзамены :0.0 Зачеты :0.0 Зачеты с оценкой :2 Курсовые проекты :0.0 Курсовые работы :0.0 Реферат :0.0 
2019-03-08 16:09:31 INFO  ThreadParse:146 -  СР 0.0  Контроль 8 По ЗЕТ 0.0  Часов в з.е. 108  Итог: экспертное  108  Контакт часы 24 
2019-03-08 16:09:31 INFO  ThreadParse:146 - 2 семестр Зачеты с оценкой  108.0 24.0 0.0 8.0 0.0 40.0 36.0 
2019-03-08 16:09:31 INFO  ThreadParse:146 -  Номер кафедры 114.0  Кафедра КБ-4 «Автоматизированные системы управления» 
2019-03-08 16:09:31 INFO  ThreadParse:146 - Б1.Б.16 Теория информационных процессов и систем 
2019-03-08 16:09:31 INFO  ThreadParse:146 - Экзамены :0.0 Зачеты :0.0 Зачеты с оценкой :3 Курсовые проекты :0.0 Курсовые работы :0.0 Реферат :0.0 
2019-03-08 16:09:31 INFO  ThreadParse:146 -  СР 0.0  Контроль 8 По ЗЕТ 0.0  Часов в з.е. 108  Итог: экспертное  108  Контакт часы 32 
2019-03-08 16:09:31 INFO  ThreadParse:146 - 3 семестр Зачеты с оценкой  108.0 32.0 0.0 8.0 0.0 32.0 36.0 
2019-03-08 16:09:31 INFO  ThreadParse:146 -  Номер кафедры 114.0  Кафедра КБ-4 «Автоматизированные системы управления» 
2019-03-08 16:09:31 INFO  ThreadParse:146 - Б1.Б.17 Программирование 
2019-03-08 16:09:31 INFO  ThreadParse:146 - Экзамены :0.0 Зачеты :0.0 Зачеты с оценкой :1 Курсовые проекты :12 Курсовые работы :0.0 Реферат :0.0 
2019-03-08 16:09:31 INFO  ThreadParse:146 -  СР 32  Контроль 16 По ЗЕТ 2  Часов в з.е. 252  Итог: экспертное  252  Контакт часы 40 
2019-03-08 16:09:31 INFO  ThreadParse:146 - 2 семестр Курсовые проекты  72.0 8.0 8.0 8.0 0.0 21.0 27.0 
2019-03-08 16:09:31 INFO  ThreadParse:146 - 1 семестр Зачеты с оценкой  Курсовые проекты  180.0 32.0 24.0 8.0 0.0 71.0 45.0 
2019-03-08 16:09:31 INFO  ThreadParse:146 -  Номер кафедры 114.0  Кафедра КБ-4 «Автоматизированные системы управления» 
2019-03-08 16:09:31 INFO  ThreadParse:146 - Б1.Б.18 Организация ЭВМ и систем 
2019-03-08 16:09:31 INFO  ThreadParse:146 - Экзамены :0.0 Зачеты :0.0 Зачеты с оценкой :3 Курсовые проекты :0.0 Курсовые работы :0.0 Реферат :0.0 
2019-03-08 16:09:31 INFO  ThreadParse:146 -  СР 12  Контроль 0.0 По ЗЕТ 0.0  Часов в з.е. 108  Итог: экспертное  108  Контакт часы 32 
2019-03-08 16:09:31 INFO  ThreadParse:146 - 3 семестр Зачеты с оценкой  108.0 32.0 12.0 0.0 0.0 28.0 36.0 
2019-03-08 16:09:31 INFO  ThreadParse:146 -  Номер кафедры 113.0  Кафедра КБ-3 «Управление и моделирование систем» 
2019-03-08 16:09:31 INFO  ThreadParse:146 - Б1.Б.19 Операционные системы 
2019-03-08 16:09:31 INFO  ThreadParse:146 - Экзамены :0.0 Зачеты :0.0 Зачеты с оценкой :4 Курсовые проекты :0.0 Курсовые работы :0.0 Реферат :0.0 
2019-03-08 16:09:31 INFO  ThreadParse:146 -  СР 24  Контроль 8 По ЗЕТ 0.0  Часов в з.е. 144  Итог: экспертное  144  Контакт часы 32 
2019-03-08 16:09:31 INFO  ThreadParse:146 - 4 семестр Зачеты с оценкой  144.0 32.0 24.0 8.0 0.0 44.0 36.0 
2019-03-08 16:09:31 INFO  ThreadParse:146 -  Номер кафедры 114.0  Кафедра КБ-4 «Автоматизированные системы управления» 
2019-03-08 16:09:31 INFO  ThreadParse:146 - Б1.Б.20 Теория баз данных 
2019-03-08 16:09:31 INFO  ThreadParse:146 - Экзамены :0.0 Зачеты :0.0 Зачеты с оценкой :0.0 Курсовые проекты :4 Курсовые работы :0.0 Реферат :0.0 
2019-03-08 16:09:31 INFO  ThreadParse:146 -  СР 0.0  Контроль 8 По ЗЕТ 0.0  Часов в з.е. 108  Итог: экспертное  108  Контакт часы 24 
2019-03-08 16:09:31 INFO  ThreadParse:146 - 4 семестр Курсовые проекты  108.0 24.0 0.0 8.0 0.0 58.0 18.0 
2019-03-08 16:09:31 INFO  ThreadParse:146 -  Номер кафедры 113.0  Кафедра КБ-3 «Управление и моделирование систем» 
2019-03-08 16:09:31 INFO  ThreadParse:146 - Б1.Б.21 Надежность и качество информационных систем 
2019-03-08 16:09:31 INFO  ThreadParse:146 - Экзамены :0.0 Зачеты :0.0 Зачеты с оценкой :8 Курсовые проекты :0.0 Курсовые работы :0.0 Реферат :0.0 
2019-03-08 16:09:31 INFO  ThreadParse:146 -  СР 0.0  Контроль 16 По ЗЕТ 0.0  Часов в з.е. 108  Итог: экспертное  108  Контакт часы 16 
2019-03-08 16:09:31 INFO  ThreadParse:146 - 8 семестр Зачеты с оценкой  108.0 16.0 0.0 16.0 0.0 40.0 36.0 
2019-03-08 16:09:31 INFO  ThreadParse:146 -  Номер кафедры 114.0  Кафедра КБ-4 «Автоматизированные системы управления» 
2019-03-08 16:09:31 INFO  ThreadParse:146 - Б1.Б.22 Основы информационной безопасности 
2019-03-08 16:09:31 INFO  ThreadParse:146 - Экзамены :0.0 Зачеты :0.0 Зачеты с оценкой :0.0 Курсовые проекты :4 Курсовые работы :0.0 Реферат :0.0 
2019-03-08 16:09:31 INFO  ThreadParse:146 -  СР 0.0  Контроль 8 По ЗЕТ 0.0  Часов в з.е. 72  Итог: экспертное  72  Контакт часы 24 
2019-03-08 16:09:31 INFO  ThreadParse:146 - 4 семестр Курсовые проекты  72.0 24.0 0.0 8.0 0.0 22.0 18.0 
2019-03-08 16:09:31 INFO  ThreadParse:146 -  Номер кафедры 114.0  Кафедра КБ-4 «Автоматизированные системы управления» 
2019-03-08 16:09:31 INFO  ThreadParse:146 - Б1.Б.23 Информационное право 
2019-03-08 16:09:31 INFO  ThreadParse:146 - Экзамены :0.0 Зачеты :0.0 Зачеты с оценкой :0.0 Курсовые проекты :5 Курсовые работы :0.0 Реферат :0.0 
2019-03-08 16:09:31 INFO  ThreadParse:146 -  СР 0.0  Контроль 16 По ЗЕТ 0.0  Часов в з.е. 72  Итог: экспертное  72  Контакт часы 16 
2019-03-08 16:09:31 INFO  ThreadParse:146 - 5 семестр Курсовые проекты  72.0 16.0 0.0 16.0 0.0 22.0 18.0 
2019-03-08 16:09:31 INFO  ThreadParse:146 -  Номер кафедры 119.0  Кафедра КБ-9 «Прикладная и бизнес-информатика» 
2019-03-08 16:09:31 INFO  ThreadParse:146 - Б1.Б.24 Основы научно-технической деятельности 
2019-03-08 16:09:31 INFO  ThreadParse:146 - Экзамены :0.0 Зачеты :0.0 Зачеты с оценкой :0.0 Курсовые проекты :6 Курсовые работы :0.0 Реферат :0.0 
2019-03-08 16:09:31 INFO  ThreadParse:146 -  СР 0.0  Контроль 16 По ЗЕТ 0.0  Часов в з.е. 72  Итог: экспертное  72  Контакт часы 16 
2019-03-08 16:09:31 INFO  ThreadParse:146 - 6 семестр Курсовые проекты  72.0 16.0 0.0 16.0 0.0 22.0 18.0 
2019-03-08 16:09:31 INFO  ThreadParse:146 -  Номер кафедры 114.0  Кафедра КБ-4 «Автоматизированные системы управления» 
2019-03-08 16:09:31 INFO  ThreadParse:146 - Б1.В.ОД.1 Методы и средства реализации информационных технологий 
2019-03-08 16:09:31 INFO  ThreadParse:146 - Экзамены :0.0 Зачеты :0.0 Зачеты с оценкой :3 Курсовые проекты :2 Курсовые работы :0.0 Реферат :0.0 
2019-03-08 16:09:31 INFO  ThreadParse:146 -  СР 8  Контроль 40 По ЗЕТ 3  Часов в з.е. 216  Итог: экспертное  216  Контакт часы 32 
2019-03-08 16:09:31 INFO  ThreadParse:146 - 2 семестр Курсовые проекты  72.0 16.0 4.0 16.0 0.0 27.0 9.0 
2019-03-08 16:09:31 INFO  ThreadParse:146 - 3 семестр Зачеты с оценкой  144.0 16.0 4.0 24.0 0.0 46.0 54.0 
2019-03-08 16:09:31 INFO  ThreadParse:146 -  Номер кафедры 114.0  Кафедра КБ-4 «Автоматизированные системы управления» 
2019-03-08 16:09:31 INFO  ThreadParse:146 - Б1.В.ОД.2 Структуры и алгоритмы обработки данных 
2019-03-08 16:09:31 INFO  ThreadParse:146 - Экзамены :0.0 Зачеты :0.0 Зачеты с оценкой :0.0 Курсовые проекты :3 Курсовые работы :0.0 Реферат :0.0 
2019-03-08 16:09:31 INFO  ThreadParse:146 -  СР 4  Контроль 24 По ЗЕТ 0.0  Часов в з.е. 108  Итог: экспертное  108  Контакт часы 16 
2019-03-08 16:09:31 INFO  ThreadParse:146 - 3 семестр Курсовые проекты  108.0 16.0 4.0 24.0 0.0 46.0 18.0 
2019-03-08 16:09:31 INFO  ThreadParse:146 -  Номер кафедры 114.0  Кафедра КБ-4 «Автоматизированные системы управления» 
2019-03-08 16:09:31 INFO  ThreadParse:146 - Б1.В.ОД.3 Алгоритмы численных методов 
2019-03-08 16:09:31 INFO  ThreadParse:146 - Экзамены :0.0 Зачеты :0.0 Зачеты с оценкой :0.0 Курсовые проекты :4 Курсовые работы :0.0 Реферат :0.0 
2019-03-08 16:09:31 INFO  ThreadParse:146 -  СР 16  Контроль 8 По ЗЕТ 0.0  Часов в з.е. 108  Итог: экспертное  108  Контакт часы 24 
2019-03-08 16:09:31 INFO  ThreadParse:146 - 4 семестр Курсовые проекты  108.0 24.0 16.0 8.0 0.0 42.0 18.0 
2019-03-08 16:09:31 INFO  ThreadParse:146 -  Номер кафедры 114.0  Кафедра КБ-4 «Автоматизированные системы управления» 
2019-03-08 16:09:31 INFO  ThreadParse:146 - Б1.В.ОД.4 Проектирование информационных систем 
2019-03-08 16:09:31 INFO  ThreadParse:146 - Экзамены :0.0 Зачеты :0.0 Зачеты с оценкой :7 Курсовые проекты :0.0 Курсовые работы :0.0 Реферат :7 
2019-03-08 16:09:31 INFO  ThreadParse:146 -  СР 0.0  Контроль 32 По ЗЕТ 0.0  Часов в з.е. 180  Итог: экспертное  180  Контакт часы 24 
2019-03-08 16:09:31 INFO  ThreadParse:146 - 7 семестр Зачеты с оценкой  Реферат  180.0 24.0 0.0 32.0 0.0 70.0 54.0 
2019-03-08 16:09:31 INFO  ThreadParse:146 -  Номер кафедры 114.0  Кафедра КБ-4 «Автоматизированные системы управления» 
2019-03-08 16:09:31 INFO  ThreadParse:146 - Б1.В.ОД.5 Управление данными 
2019-03-08 16:09:31 INFO  ThreadParse:146 - Экзамены :0.0 Зачеты :0.0 Зачеты с оценкой :5 Курсовые проекты :0.0 Курсовые работы :0.0 Реферат :0.0 
2019-03-08 16:09:31 INFO  ThreadParse:146 -  СР 32  Контроль 16 По ЗЕТ 5  Часов в з.е. 144  Итог: экспертное  144  Контакт часы 16 
2019-03-08 16:09:31 INFO  ThreadParse:146 - 5 семестр Зачеты с оценкой  144.0 16.0 32.0 16.0 0.0 26.0 54.0 
2019-03-08 16:09:31 INFO  ThreadParse:146 -  Номер кафедры 114.0  Кафедра КБ-4 «Автоматизированные системы управления» 
2019-03-08 16:09:31 INFO  ThreadParse:146 - Б1.В.ОД.6 Интеллектуальные системы и технологии 
2019-03-08 16:09:31 INFO  ThreadParse:146 - Экзамены :0.0 Зачеты :0.0 Зачеты с оценкой :6 Курсовые проекты :0.0 Курсовые работы :0.0 Реферат :0.0 
2019-03-08 16:09:31 INFO  ThreadParse:146 -  СР 16  Контроль 16 По ЗЕТ 0.0  Часов в з.е. 144  Итог: экспертное  144  Контакт часы 16 
2019-03-08 16:09:31 INFO  ThreadParse:146 - 6 семестр Зачеты с оценкой  144.0 16.0 16.0 16.0 0.0 60.0 36.0 
2019-03-08 16:09:31 INFO  ThreadParse:146 -  Номер кафедры 114.0  Кафедра КБ-4 «Автоматизированные системы управления» 
2019-03-08 16:09:31 INFO  ThreadParse:146 - Б1.В.ОД.7 Интеллектуальный анализ данных 
2019-03-08 16:09:31 INFO  ThreadParse:146 - Экзамены :0.0 Зачеты :0.0 Зачеты с оценкой :56 Курсовые проекты :0.0 Курсовые работы :0.0 Реферат :0.0 
2019-03-08 16:09:31 INFO  ThreadParse:146 -  СР 0.0  Контроль 48 По ЗЕТ 0.0  Часов в з.е. 288  Итог: экспертное  288  Контакт часы 48 
2019-03-08 16:09:31 INFO  ThreadParse:146 - 5 семестр Зачеты с оценкой  144.0 32.0 0.0 32.0 0.0 44.0 36.0 
2019-03-08 16:09:31 INFO  ThreadParse:146 - 6 семестр Зачеты с оценкой  144.0 16.0 0.0 16.0 0.0 76.0 36.0 
2019-03-08 16:09:31 INFO  ThreadParse:146 -  Номер кафедры 114.0  Кафедра КБ-4 «Автоматизированные системы управления» 
2019-03-08 16:09:31 INFO  ThreadParse:146 - Б1.В.ОД.8 Моделирование процессов и систем 
2019-03-08 16:09:31 INFO  ThreadParse:146 - Экзамены :0.0 Зачеты :0.0 Зачеты с оценкой :7 Курсовые проекты :0.0 Курсовые работы :0.0 Реферат :0.0 
2019-03-08 16:09:31 INFO  ThreadParse:146 -  СР 16  Контроль 16 По ЗЕТ 0.0  Часов в з.е. 144  Итог: экспертное  144  Контакт часы 16 
2019-03-08 16:09:31 INFO  ThreadParse:146 - 7 семестр Зачеты с оценкой  144.0 16.0 16.0 16.0 0.0 60.0 36.0 
2019-03-08 16:09:31 INFO  ThreadParse:146 -  Номер кафедры 114.0  Кафедра КБ-4 «Автоматизированные системы управления» 
2019-03-08 16:09:31 INFO  ThreadParse:146 - Б1.В.ОД.9.1 Сетевые технологии 
2019-03-08 16:09:31 INFO  ThreadParse:146 - Экзамены :0.0 Зачеты :0.0 Зачеты с оценкой :5 Курсовые проекты :0.0 Курсовые работы :0.0 Реферат :0.0 
2019-03-08 16:09:31 INFO  ThreadParse:146 -  СР 4  Контроль 32 По ЗЕТ 0.0  Часов в з.е. 144  Итог: экспертное  144  Контакт часы 16 
2019-03-08 16:09:31 INFO  ThreadParse:146 - 5 семестр Зачеты с оценкой  144.0 16.0 4.0 32.0 0.0 56.0 36.0 
2019-03-08 16:09:31 INFO  ThreadParse:146 -  Номер кафедры 114.0  Кафедра КБ-4 «Автоматизированные системы управления» 
2019-03-08 16:09:31 INFO  ThreadParse:146 - Б1.В.ОД.9.2 Глобальные и локальные сети 
2019-03-08 16:09:31 INFO  ThreadParse:146 - Экзамены :0.0 Зачеты :0.0 Зачеты с оценкой :6 Курсовые проекты :0.0 Курсовые работы :0.0 Реферат :0.0 
2019-03-08 16:09:31 INFO  ThreadParse:146 -  СР 16  Контроль 32 По ЗЕТ 0.0  Часов в з.е. 144  Итог: экспертное  144  Контакт часы 16 
2019-03-08 16:09:31 INFO  ThreadParse:146 - 6 семестр Зачеты с оценкой  144.0 16.0 16.0 32.0 0.0 44.0 36.0 
2019-03-08 16:09:31 INFO  ThreadParse:146 -  Номер кафедры 114.0  Кафедра КБ-4 «Автоматизированные системы управления» 
2019-03-08 16:09:31 INFO  ThreadParse:146 - Б1.В.ОД.10 Математическая логика и функциональное программирование 
2019-03-08 16:09:31 INFO  ThreadParse:146 - Экзамены :0.0 Зачеты :0.0 Зачеты с оценкой :5 Курсовые проекты :0.0 Курсовые работы :0.0 Реферат :0.0 
2019-03-08 16:09:31 INFO  ThreadParse:146 -  СР 16  Контроль 16 По ЗЕТ 0.0  Часов в з.е. 144  Итог: экспертное  144  Контакт часы 16 
2019-03-08 16:09:31 INFO  ThreadParse:146 - 5 семестр Зачеты с оценкой  144.0 16.0 16.0 16.0 0.0 60.0 36.0 
2019-03-08 16:09:31 INFO  ThreadParse:146 -  Номер кафедры 114.0  Кафедра КБ-4 «Автоматизированные системы управления» 
2019-03-08 16:09:31 INFO  ThreadParse:146 - Б1.В.ОД.11 Методы и средства защиты информации 
2019-03-08 16:09:31 INFO  ThreadParse:146 - Экзамены :0.0 Зачеты :0.0 Зачеты с оценкой :6 Курсовые проекты :0.0 Курсовые работы :0.0 Реферат :0.0 
2019-03-08 16:09:31 INFO  ThreadParse:146 -  СР 8  Контроль 32 По ЗЕТ 0.0  Часов в з.е. 144  Итог: экспертное  144  Контакт часы 16 
2019-03-08 16:09:31 INFO  ThreadParse:146 - 6 семестр Зачеты с оценкой  144.0 16.0 8.0 32.0 0.0 52.0 36.0 
2019-03-08 16:09:31 INFO  ThreadParse:146 -  Номер кафедры 114.0  Кафедра КБ-4 «Автоматизированные системы управления» 
2019-03-08 16:09:31 INFO  ThreadParse:146 - Б1.В.ОД.12 Информационные хранилища и информационно-аналитические системы 
2019-03-08 16:09:31 INFO  ThreadParse:146 - Экзамены :0.0 Зачеты :0.0 Зачеты с оценкой :7 Курсовые проекты :0.0 Курсовые работы :0.0 Реферат :0.0 
2019-03-08 16:09:31 INFO  ThreadParse:146 -  СР 8  Контроль 16 По ЗЕТ 0.0  Часов в з.е. 108  Итог: экспертное  108  Контакт часы 16 
2019-03-08 16:09:31 INFO  ThreadParse:146 - 7 семестр Зачеты с оценкой  108.0 16.0 8.0 16.0 0.0 32.0 36.0 
2019-03-08 16:09:31 INFO  ThreadParse:146 -  Номер кафедры 114.0  Кафедра КБ-4 «Автоматизированные системы управления» 
2019-03-08 16:09:31 INFO  ThreadParse:146 - Б1.В.ОД.13 Языки низкого уровня 
2019-03-08 16:09:31 INFO  ThreadParse:146 - Экзамены :0.0 Зачеты :0.0 Зачеты с оценкой :5 Курсовые проекты :0.0 Курсовые работы :0.0 Реферат :0.0 
2019-03-08 16:09:31 INFO  ThreadParse:146 -  СР 16  Контроль 24 По ЗЕТ 0.0  Часов в з.е. 144  Итог: экспертное  144  Контакт часы 16 
2019-03-08 16:09:31 INFO  ThreadParse:146 - 5 семестр Зачеты с оценкой  144.0 16.0 16.0 24.0 0.0 52.0 36.0 
2019-03-08 16:09:31 INFO  ThreadParse:146 -  Номер кафедры 114.0  Кафедра КБ-4 «Автоматизированные системы управления» 
2019-03-08 16:09:31 INFO  ThreadParse:146 - Б1.В.ОД.14 Средства автоматизации процесса проектирования ИС 
2019-03-08 16:09:31 INFO  ThreadParse:146 - Экзамены :0.0 Зачеты :0.0 Зачеты с оценкой :6 Курсовые проекты :0.0 Курсовые работы :0.0 Реферат :0.0 
2019-03-08 16:09:31 INFO  ThreadParse:146 -  СР 8  Контроль 8 По ЗЕТ 0.0  Часов в з.е. 108  Итог: экспертное  108  Контакт часы 16 
2019-03-08 16:09:31 INFO  ThreadParse:146 - 6 семестр Зачеты с оценкой  108.0 16.0 8.0 8.0 0.0 40.0 36.0 
2019-03-08 16:09:31 INFO  ThreadParse:146 -  Номер кафедры 114.0  Кафедра КБ-4 «Автоматизированные системы управления» 
2019-03-08 16:09:31 INFO  ThreadParse:146 - Б1.В.ОД.15 Методы Big Data 
2019-03-08 16:09:31 INFO  ThreadParse:146 - Экзамены :0.0 Зачеты :0.0 Зачеты с оценкой :7 Курсовые проекты :0.0 Курсовые работы :0.0 Реферат :0.0 
2019-03-08 16:09:31 INFO  ThreadParse:146 -  СР 16  Контроль 16 По ЗЕТ 0.0  Часов в з.е. 180  Итог: экспертное  180  Контакт часы 32 
2019-03-08 16:09:31 INFO  ThreadParse:146 - 7 семестр Зачеты с оценкой  180.0 32.0 16.0 16.0 0.0 80.0 36.0 
2019-03-08 16:09:31 INFO  ThreadParse:146 -  Номер кафедры 114.0  Кафедра КБ-4 «Автоматизированные системы управления» 
2019-03-08 16:09:31 INFO  ThreadParse:146 - Б1.В.ОД.16 Теория принятия решений 
2019-03-08 16:09:31 INFO  ThreadParse:146 - Экзамены :0.0 Зачеты :0.0 Зачеты с оценкой :7 Курсовые проекты :0.0 Курсовые работы :0.0 Реферат :0.0 
2019-03-08 16:09:31 INFO  ThreadParse:146 -  СР 8  Контроль 32 По ЗЕТ 0.0  Часов в з.е. 144  Итог: экспертное  144  Контакт часы 16 
2019-03-08 16:09:31 INFO  ThreadParse:146 - 7 семестр Зачеты с оценкой  144.0 16.0 8.0 32.0 0.0 52.0 36.0 
2019-03-08 16:09:31 INFO  ThreadParse:146 -  Номер кафедры 114.0  Кафедра КБ-4 «Автоматизированные системы управления» 
2019-03-08 16:09:31 INFO  ThreadParse:146 - Б1.В.ОД.17 Теория распознавания образов 
2019-03-08 16:09:31 INFO  ThreadParse:146 - Экзамены :0.0 Зачеты :0.0 Зачеты с оценкой :8 Курсовые проекты :0.0 Курсовые работы :0.0 Реферат :0.0 
2019-03-08 16:09:31 INFO  ThreadParse:146 -  СР 16  Контроль 16 По ЗЕТ 0.0  Часов в з.е. 144  Итог: экспертное  144  Контакт часы 32 
2019-03-08 16:09:31 INFO  ThreadParse:146 - 8 семестр Зачеты с оценкой  144.0 32.0 16.0 16.0 0.0 44.0 36.0 
2019-03-08 16:09:31 INFO  ThreadParse:146 -  Номер кафедры 114.0  Кафедра КБ-4 «Автоматизированные системы управления» 
2019-03-08 16:09:31 INFO  ThreadParse:146 - 0.0 Физическая культура и спорт (элективная дисциплина) 
2019-03-08 16:09:31 INFO  ThreadParse:146 - Экзамены :0.0 Зачеты :0.0 Зачеты с оценкой :0.0 Курсовые проекты :2356 Курсовые работы :0.0 Реферат :0.0 
2019-03-08 16:09:31 INFO  ThreadParse:146 -  СР 0.0  Контроль 328 По ЗЕТ 0.0  Часов в з.е. 328  Итог: экспертное  328  Контакт часы 0.0 
2019-03-08 16:09:31 INFO  ThreadParse:146 -  Номер кафедры 178.0  Кафедра ОП-8 «Физическая культура и спорт» (реорганизована) 
2019-03-08 16:09:31 INFO  ThreadParse:146 - 1 Безопасность жизнедеятельности 2 
2019-03-08 16:09:31 INFO  ThreadParse:146 - Экзамены :0.0 Зачеты :0.0 Зачеты с оценкой :0.0 Курсовые проекты :4 Курсовые работы :0.0 Реферат :0.0 
2019-03-08 16:09:31 INFO  ThreadParse:146 -  СР 0.0  Контроль 8 По ЗЕТ 0.0  Часов в з.е. 36  Итог: экспертное  36  Контакт часы 8 
2019-03-08 16:09:31 INFO  ThreadParse:146 - 4 семестр Курсовые проекты  36.0 8.0 0.0 8.0 0.0 11.0 9.0 
2019-03-08 16:09:31 INFO  ThreadParse:146 -  Номер кафедры 166.0  Кафедра Резерв 166 (реорганизована) 
2019-03-08 16:09:31 INFO  ThreadParse:146 - 2 Инженерно-техническая лексика русского языка 
2019-03-08 16:09:31 INFO  ThreadParse:146 - Экзамены :0.0 Зачеты :0.0 Зачеты с оценкой :0.0 Курсовые проекты :4 Курсовые работы :0.0 Реферат :0.0 
2019-03-08 16:09:31 INFO  ThreadParse:146 -  СР 0.0  Контроль 8 По ЗЕТ 0.0  Часов в з.е. 36  Итог: экспертное  36  Контакт часы 8 
2019-03-08 16:09:31 INFO  ThreadParse:146 - 4 семестр Курсовые проекты  36.0 8.0 0.0 8.0 0.0 11.0 9.0 
2019-03-08 16:09:31 INFO  ThreadParse:146 -  Номер кафедры 99.0  Кафедра Резерв 99 (реорганизована) 
2019-03-08 16:09:31 INFO  ThreadParse:146 - 3 Психология (инклюзивный курс) 
2019-03-08 16:09:31 INFO  ThreadParse:146 - Экзамены :0.0 Зачеты :0.0 Зачеты с оценкой :0.0 Курсовые проекты :4 Курсовые работы :0.0 Реферат :0.0 
2019-03-08 16:09:31 INFO  ThreadParse:146 -  СР 0.0  Контроль 8 По ЗЕТ 0.0  Часов в з.е. 36  Итог: экспертное  36  Контакт часы 8 
2019-03-08 16:09:31 INFO  ThreadParse:146 - 4 семестр Курсовые проекты  36.0 8.0 0.0 8.0 0.0 11.0 9.0 
2019-03-08 16:09:31 INFO  ThreadParse:146 -  Номер кафедры 176.0  Кафедра ОП-6 «Философия» 
2019-03-08 16:09:31 INFO  ThreadParse:146 - 1 Спец. курс 
2019-03-08 16:09:31 INFO  ThreadParse:146 - Экзамены :0.0 Зачеты :0.0 Зачеты с оценкой :0.0 Курсовые проекты :4 Курсовые работы :0.0 Реферат :0.0 
2019-03-08 16:09:31 INFO  ThreadParse:146 -  СР 0.0  Контроль 8 По ЗЕТ 0.0  Часов в з.е. 36  Итог: экспертное  36  Контакт часы 8 
2019-03-08 16:09:31 INFO  ThreadParse:146 - 4 семестр Курсовые проекты  36.0 8.0 0.0 8.0 0.0 11.0 9.0 
2019-03-08 16:09:31 INFO  ThreadParse:146 -  Номер кафедры 1.0  Кафедра военная кафедра 
2019-03-08 16:09:31 INFO  ThreadParse:146 - 2 Техническая лексика в научной литературе 
2019-03-08 16:09:31 INFO  ThreadParse:146 - Экзамены :0.0 Зачеты :0.0 Зачеты с оценкой :0.0 Курсовые проекты :4 Курсовые работы :0.0 Реферат :0.0 
2019-03-08 16:09:31 INFO  ThreadParse:146 -  СР 0.0  Контроль 8 По ЗЕТ 0.0  Часов в з.е. 36  Итог: экспертное  36  Контакт часы 8 
2019-03-08 16:09:31 INFO  ThreadParse:146 - 4 семестр Курсовые проекты  36.0 8.0 0.0 8.0 0.0 11.0 9.0 
2019-03-08 16:09:31 INFO  ThreadParse:146 -  Номер кафедры 99.0  Кафедра Резерв 99 (реорганизована) 
2019-03-08 16:09:31 INFO  ThreadParse:146 - 1 Экономика предприятия 
2019-03-08 16:09:31 INFO  ThreadParse:146 - Экзамены :0.0 Зачеты :0.0 Зачеты с оценкой :0.0 Курсовые проекты :3 Курсовые работы :0.0 Реферат :0.0 
2019-03-08 16:09:31 INFO  ThreadParse:146 -  СР 0.0  Контроль 8 По ЗЕТ 0.0  Часов в з.е. 36  Итог: экспертное  36  Контакт часы 8 
2019-03-08 16:09:31 INFO  ThreadParse:146 - 3 семестр Курсовые проекты  36.0 8.0 0.0 8.0 0.0 11.0 9.0 
2019-03-08 16:09:31 INFO  ThreadParse:146 -  Номер кафедры 119.0  Кафедра КБ-9 «Прикладная и бизнес-информатика» 
2019-03-08 16:09:31 INFO  ThreadParse:146 - 2 Управление предприятием 
2019-03-08 16:09:31 INFO  ThreadParse:146 - Экзамены :0.0 Зачеты :0.0 Зачеты с оценкой :0.0 Курсовые проекты :3 Курсовые работы :0.0 Реферат :0.0 
2019-03-08 16:09:31 INFO  ThreadParse:146 -  СР 0.0  Контроль 8 По ЗЕТ 0.0  Часов в з.е. 36  Итог: экспертное  36  Контакт часы 8 
2019-03-08 16:09:31 INFO  ThreadParse:146 - 3 семестр Курсовые проекты  36.0 8.0 0.0 8.0 0.0 11.0 9.0 
2019-03-08 16:09:31 INFO  ThreadParse:146 -  Номер кафедры 119.0  Кафедра КБ-9 «Прикладная и бизнес-информатика» 
2019-03-08 16:09:31 INFO  ThreadParse:146 - 1 Технология программирования в среде Python 
2019-03-08 16:09:31 INFO  ThreadParse:146 - Экзамены :0.0 Зачеты :0.0 Зачеты с оценкой :4 Курсовые проекты :0.0 Курсовые работы :0.0 Реферат :0.0 
2019-03-08 16:09:31 INFO  ThreadParse:146 -  СР 8  Контроль 16 По ЗЕТ 0.0  Часов в з.е. 108  Итог: экспертное  108  Контакт часы 8 
2019-03-08 16:09:31 INFO  ThreadParse:146 - 4 семестр Зачеты с оценкой  108.0 8.0 8.0 16.0 0.0 40.0 36.0 
2019-03-08 16:09:31 INFO  ThreadParse:146 -  Номер кафедры 114.0  Кафедра КБ-4 «Автоматизированные системы управления» 
2019-03-08 16:09:31 INFO  ThreadParse:146 - 2 Современные средства программирования 
2019-03-08 16:09:31 INFO  ThreadParse:146 - Экзамены :0.0 Зачеты :0.0 Зачеты с оценкой :4 Курсовые проекты :0.0 Курсовые работы :0.0 Реферат :0.0 
2019-03-08 16:09:31 INFO  ThreadParse:146 -  СР 8  Контроль 16 По ЗЕТ 0.0  Часов в з.е. 108  Итог: экспертное  108  Контакт часы 8 
2019-03-08 16:09:31 INFO  ThreadParse:146 - 4 семестр Зачеты с оценкой  108.0 8.0 8.0 16.0 0.0 40.0 36.0 
2019-03-08 16:09:31 INFO  ThreadParse:146 -  Номер кафедры 113.0  Кафедра КБ-3 «Управление и моделирование систем» 
2019-03-08 16:09:31 INFO  ThreadParse:146 - 1 Технологии визуализации информации 
2019-03-08 16:09:31 INFO  ThreadParse:146 - Экзамены :0.0 Зачеты :0.0 Зачеты с оценкой :0.0 Курсовые проекты :5 Курсовые работы :0.0 Реферат :0.0 
2019-03-08 16:09:31 INFO  ThreadParse:146 -  СР 16  Контроль 8 По ЗЕТ 0.0  Часов в з.е. 72  Итог: экспертное  72  Контакт часы 0.0 
2019-03-08 16:09:31 INFO  ThreadParse:146 - 5 семестр Курсовые проекты  72.0 0.0 16.0 8.0 0.0 30.0 18.0 
2019-03-08 16:09:31 INFO  ThreadParse:146 -  Номер кафедры 114.0  Кафедра КБ-4 «Автоматизированные системы управления» 
2019-03-08 16:09:31 INFO  ThreadParse:146 - 2 Извлечение знаний из Internet 
2019-03-08 16:09:31 INFO  ThreadParse:146 - Экзамены :0.0 Зачеты :0.0 Зачеты с оценкой :0.0 Курсовые проекты :5 Курсовые работы :0.0 Реферат :0.0 
2019-03-08 16:09:31 INFO  ThreadParse:146 -  СР 16  Контроль 8 По ЗЕТ 0.0  Часов в з.е. 72  Итог: экспертное  72  Контакт часы 0.0 
2019-03-08 16:09:31 INFO  ThreadParse:146 - 5 семестр Курсовые проекты  72.0 0.0 16.0 8.0 0.0 30.0 18.0 
2019-03-08 16:09:31 INFO  ThreadParse:146 -  Номер кафедры 114.0  Кафедра КБ-4 «Автоматизированные системы управления» 
2019-03-08 16:09:31 INFO  ThreadParse:146 - 1 Информационно-поисковые системы 
2019-03-08 16:09:31 INFO  ThreadParse:146 - Экзамены :0.0 Зачеты :0.0 Зачеты с оценкой :0.0 Курсовые проекты :5 Курсовые работы :0.0 Реферат :0.0 
2019-03-08 16:09:31 INFO  ThreadParse:146 -  СР 16  Контроль 24 По ЗЕТ 0.0  Часов в з.е. 108  Итог: экспертное  108  Контакт часы 8 
2019-03-08 16:09:31 INFO  ThreadParse:146 - 5 семестр Курсовые проекты  108.0 8.0 16.0 24.0 0.0 42.0 18.0 
2019-03-08 16:09:31 INFO  ThreadParse:146 -  Номер кафедры 114.0  Кафедра КБ-4 «Автоматизированные системы управления» 
2019-03-08 16:09:31 INFO  ThreadParse:146 - 2 Введение в форензику 
2019-03-08 16:09:31 INFO  ThreadParse:146 - Экзамены :0.0 Зачеты :0.0 Зачеты с оценкой :0.0 Курсовые проекты :5 Курсовые работы :0.0 Реферат :0.0 
2019-03-08 16:09:31 INFO  ThreadParse:146 -  СР 16  Контроль 24 По ЗЕТ 0.0  Часов в з.е. 108  Итог: экспертное  108  Контакт часы 8 
2019-03-08 16:09:31 INFO  ThreadParse:146 - 5 семестр Курсовые проекты  108.0 8.0 16.0 24.0 0.0 42.0 18.0 
2019-03-08 16:09:31 INFO  ThreadParse:146 -  Номер кафедры 114.0  Кафедра КБ-4 «Автоматизированные системы управления» 
2019-03-08 16:09:31 INFO  ThreadParse:146 - 1 Технологии создания WEB-приложений и WEB-сервисов 
2019-03-08 16:09:31 INFO  ThreadParse:146 - Экзамены :0.0 Зачеты :0.0 Зачеты с оценкой :0.0 Курсовые проекты :6 Курсовые работы :0.0 Реферат :0.0 
2019-03-08 16:09:31 INFO  ThreadParse:146 -  СР 32  Контроль 8 По ЗЕТ 0.0  Часов в з.е. 108  Итог: экспертное  108  Контакт часы 0.0 
2019-03-08 16:09:31 INFO  ThreadParse:146 - 6 семестр Курсовые проекты  108.0 0.0 32.0 8.0 0.0 50.0 18.0 
2019-03-08 16:09:31 INFO  ThreadParse:146 -  Номер кафедры 114.0  Кафедра КБ-4 «Автоматизированные системы управления» 
2019-03-08 16:09:31 INFO  ThreadParse:146 - 2 Электронный документооборот 
2019-03-08 16:09:31 INFO  ThreadParse:146 - Экзамены :0.0 Зачеты :0.0 Зачеты с оценкой :0.0 Курсовые проекты :6 Курсовые работы :0.0 Реферат :0.0 
2019-03-08 16:09:31 INFO  ThreadParse:146 -  СР 32  Контроль 8 По ЗЕТ 0.0  Часов в з.е. 108  Итог: экспертное  108  Контакт часы 0.0 
2019-03-08 16:09:31 INFO  ThreadParse:146 - 6 семестр Курсовые проекты  108.0 0.0 32.0 8.0 0.0 50.0 18.0 
2019-03-08 16:09:31 INFO  ThreadParse:146 -  Номер кафедры 114.0  Кафедра КБ-4 «Автоматизированные системы управления» 
2019-03-08 16:09:31 INFO  ThreadParse:146 - 1 Программирование средств обнаружения и защиты от вредоносных программ 
2019-03-08 16:09:31 INFO  ThreadParse:146 - Экзамены :0.0 Зачеты :0.0 Зачеты с оценкой :0.0 Курсовые проекты :6 Курсовые работы :0.0 Реферат :0.0 
2019-03-08 16:09:31 INFO  ThreadParse:146 -  СР 24  Контроль 16 По ЗЕТ 0.0  Часов в з.е. 144  Итог: экспертное  144  Контакт часы 0.0 
2019-03-08 16:09:31 INFO  ThreadParse:146 - 6 семестр Курсовые проекты  144.0 0.0 24.0 16.0 0.0 68.0 36.0 
2019-03-08 16:09:31 INFO  ThreadParse:146 -  Номер кафедры 114.0  Кафедра КБ-4 «Автоматизированные системы управления» 
2019-03-08 16:09:31 INFO  ThreadParse:146 - 2 Анализ зашифрованных данных 
2019-03-08 16:09:31 INFO  ThreadParse:146 - Экзамены :0.0 Зачеты :0.0 Зачеты с оценкой :0.0 Курсовые проекты :6 Курсовые работы :0.0 Реферат :0.0 
2019-03-08 16:09:31 INFO  ThreadParse:146 -  СР 24  Контроль 16 По ЗЕТ 0.0  Часов в з.е. 144  Итог: экспертное  144  Контакт часы 0.0 
2019-03-08 16:09:31 INFO  ThreadParse:146 - 6 семестр Курсовые проекты  144.0 0.0 24.0 16.0 0.0 68.0 36.0 
2019-03-08 16:09:31 INFO  ThreadParse:146 -  Номер кафедры 114.0  Кафедра КБ-4 «Автоматизированные системы управления» 
2019-03-08 16:09:31 INFO  ThreadParse:146 - 1 Исследование программного кода 
2019-03-08 16:09:31 INFO  ThreadParse:146 - Экзамены :0.0 Зачеты :0.0 Зачеты с оценкой :0.0 Курсовые проекты :6 Курсовые работы :0.0 Реферат :0.0 
2019-03-08 16:09:31 INFO  ThreadParse:146 -  СР 24  Контроль 16 По ЗЕТ 0.0  Часов в з.е. 72  Итог: экспертное  72  Контакт часы 0.0 
2019-03-08 16:09:31 INFO  ThreadParse:146 - 6 семестр Курсовые проекты  72.0 0.0 24.0 16.0 0.0 14.0 18.0 
2019-03-08 16:09:31 INFO  ThreadParse:146 -  Номер кафедры 114.0  Кафедра КБ-4 «Автоматизированные системы управления» 
2019-03-08 16:09:31 INFO  ThreadParse:146 - 2 Методы хранения, восстановления и проверки на достоверность данных 
2019-03-08 16:09:31 INFO  ThreadParse:146 - Экзамены :0.0 Зачеты :0.0 Зачеты с оценкой :0.0 Курсовые проекты :6 Курсовые работы :0.0 Реферат :0.0 
2019-03-08 16:09:31 INFO  ThreadParse:146 -  СР 24  Контроль 16 По ЗЕТ 0.0  Часов в з.е. 72  Итог: экспертное  72  Контакт часы 0.0 
2019-03-08 16:09:31 INFO  ThreadParse:146 - 6 семестр Курсовые проекты  72.0 0.0 24.0 16.0 0.0 14.0 18.0 
2019-03-08 16:09:31 INFO  ThreadParse:146 -  Номер кафедры 114.0  Кафедра КБ-4 «Автоматизированные системы управления» 
2019-03-08 16:09:31 INFO  ThreadParse:146 - 1 Технологии разработки мобильных приложений 
2019-03-08 16:09:31 INFO  ThreadParse:146 - Экзамены :0.0 Зачеты :0.0 Зачеты с оценкой :0.0 Курсовые проекты :5 Курсовые работы :0.0 Реферат :0.0 
2019-03-08 16:09:31 INFO  ThreadParse:146 -  СР 32  Контроль 8 По ЗЕТ 0.0  Часов в з.е. 108  Итог: экспертное  108  Контакт часы 0.0 
2019-03-08 16:09:31 INFO  ThreadParse:146 - 5 семестр Курсовые проекты  108.0 0.0 32.0 8.0 0.0 50.0 18.0 
2019-03-08 16:09:31 INFO  ThreadParse:146 -  Номер кафедры 114.0  Кафедра КБ-4 «Автоматизированные системы управления» 
2019-03-08 16:09:31 INFO  ThreadParse:146 - 2 Геоинформационные системы 
2019-03-08 16:09:31 INFO  ThreadParse:146 - Экзамены :0.0 Зачеты :0.0 Зачеты с оценкой :0.0 Курсовые проекты :5 Курсовые работы :0.0 Реферат :0.0 
2019-03-08 16:09:31 INFO  ThreadParse:146 -  СР 32  Контроль 8 По ЗЕТ 0.0  Часов в з.е. 108  Итог: экспертное  108  Контакт часы 0.0 
2019-03-08 16:09:31 INFO  ThreadParse:146 - 5 семестр Курсовые проекты  108.0 0.0 32.0 8.0 0.0 50.0 18.0 
2019-03-08 16:09:31 INFO  ThreadParse:146 -  Номер кафедры 114.0  Кафедра КБ-4 «Автоматизированные системы управления» 
2019-03-08 16:09:31 INFO  ThreadParse:146 - 1 Следообразование в ОС 
2019-03-08 16:09:31 INFO  ThreadParse:146 - Экзамены :0.0 Зачеты :0.0 Зачеты с оценкой :0.0 Курсовые проекты :7 Курсовые работы :0.0 Реферат :0.0 
2019-03-08 16:09:31 INFO  ThreadParse:146 -  СР 16  Контроль 16 По ЗЕТ 0.0  Часов в з.е. 108  Итог: экспертное  108  Контакт часы 4 
2019-03-08 16:09:31 INFO  ThreadParse:146 - 7 семестр Курсовые проекты  108.0 4.0 16.0 16.0 0.0 54.0 18.0 
2019-03-08 16:09:31 INFO  ThreadParse:146 -  Номер кафедры 114.0  Кафедра КБ-4 «Автоматизированные системы управления» 
2019-03-08 16:09:31 INFO  ThreadParse:146 - 2 Организация сетевой безопасности 
2019-03-08 16:09:31 INFO  ThreadParse:146 - Экзамены :0.0 Зачеты :0.0 Зачеты с оценкой :0.0 Курсовые проекты :7 Курсовые работы :0.0 Реферат :0.0 
2019-03-08 16:09:31 INFO  ThreadParse:146 -  СР 16  Контроль 16 По ЗЕТ 0.0  Часов в з.е. 108  Итог: экспертное  108  Контакт часы 4 
2019-03-08 16:09:31 INFO  ThreadParse:146 - 7 семестр Курсовые проекты  108.0 4.0 16.0 16.0 0.0 54.0 18.0 
2019-03-08 16:09:31 INFO  ThreadParse:146 -  Номер кафедры 114.0  Кафедра КБ-4 «Автоматизированные системы управления» 
2019-03-08 16:09:31 INFO  ThreadParse:146 - 1 Сетевая экспертиза 
2019-03-08 16:09:31 INFO  ThreadParse:146 - Экзамены :0.0 Зачеты :0.0 Зачеты с оценкой :7 Курсовые проекты :0.0 Курсовые работы :0.0 Реферат :0.0 
2019-03-08 16:09:31 INFO  ThreadParse:146 -  СР 16  Контроль 8 По ЗЕТ 0.0  Часов в з.е. 108  Итог: экспертное  108  Контакт часы 8 
2019-03-08 16:09:31 INFO  ThreadParse:146 - 7 семестр Зачеты с оценкой  108.0 8.0 16.0 8.0 0.0 40.0 36.0 
2019-03-08 16:09:31 INFO  ThreadParse:146 -  Номер кафедры 114.0  Кафедра КБ-4 «Автоматизированные системы управления» 
2019-03-08 16:09:31 INFO  ThreadParse:146 - 2 Защита операционных систем 
2019-03-08 16:09:31 INFO  ThreadParse:146 - Экзамены :0.0 Зачеты :0.0 Зачеты с оценкой :7 Курсовые проекты :0.0 Курсовые работы :0.0 Реферат :0.0 
2019-03-08 16:09:31 INFO  ThreadParse:146 -  СР 16  Контроль 8 По ЗЕТ 0.0  Часов в з.е. 108  Итог: экспертное  108  Контакт часы 8 
2019-03-08 16:09:31 INFO  ThreadParse:146 - 7 семестр Зачеты с оценкой  108.0 8.0 16.0 8.0 0.0 40.0 36.0 
2019-03-08 16:09:31 INFO  ThreadParse:146 -  Номер кафедры 114.0  Кафедра КБ-4 «Автоматизированные системы управления» 
2019-03-08 16:09:31 INFO  ThreadParse:146 - 1 Методы параллельного программирования 
2019-03-08 16:09:31 INFO  ThreadParse:146 - Экзамены :0.0 Зачеты :0.0 Зачеты с оценкой :0.0 Курсовые проекты :8 Курсовые работы :0.0 Реферат :0.0 
2019-03-08 16:09:31 INFO  ThreadParse:146 -  СР 8  Контроль 16 По ЗЕТ 0.0  Часов в з.е. 108  Итог: экспертное  108  Контакт часы 16 
2019-03-08 16:09:31 INFO  ThreadParse:146 - 8 семестр Курсовые проекты  108.0 16.0 8.0 16.0 0.0 50.0 18.0 
2019-03-08 16:09:31 INFO  ThreadParse:146 -  Номер кафедры 114.0  Кафедра КБ-4 «Автоматизированные системы управления» 
2019-03-08 16:09:31 INFO  ThreadParse:146 - 2 Экспертные системы 
2019-03-08 16:09:31 INFO  ThreadParse:146 - Экзамены :0.0 Зачеты :0.0 Зачеты с оценкой :0.0 Курсовые проекты :8 Курсовые работы :0.0 Реферат :0.0 
2019-03-08 16:09:31 INFO  ThreadParse:146 -  СР 8  Контроль 16 По ЗЕТ 0.0  Часов в з.е. 108  Итог: экспертное  108  Контакт часы 16 
2019-03-08 16:09:31 INFO  ThreadParse:146 - 8 семестр Курсовые проекты  108.0 16.0 8.0 16.0 0.0 50.0 18.0 
2019-03-08 16:09:31 INFO  ThreadParse:146 -  Номер кафедры 114.0  Кафедра КБ-4 «Автоматизированные системы управления» 
2019-03-08 16:09:31 INFO  ThreadParse:146 - 1 Управление ИТ-ресурсами 
2019-03-08 16:09:31 INFO  ThreadParse:146 - Экзамены :0.0 Зачеты :0.0 Зачеты с оценкой :0.0 Курсовые проекты :8 Курсовые работы :0.0 Реферат :0.0 
2019-03-08 16:09:31 INFO  ThreadParse:146 -  СР 0.0  Контроль 16 По ЗЕТ 0.0  Часов в з.е. 72  Итог: экспертное  72  Контакт часы 16 
2019-03-08 16:09:31 INFO  ThreadParse:146 - 8 семестр Курсовые проекты  72.0 16.0 0.0 16.0 0.0 22.0 18.0 
2019-03-08 16:09:31 INFO  ThreadParse:146 -  Номер кафедры 114.0  Кафедра КБ-4 «Автоматизированные системы управления» 
2019-03-08 16:09:31 INFO  ThreadParse:146 - 2 Человеко-машинное взаимодействие 
2019-03-08 16:09:31 INFO  ThreadParse:146 - Экзамены :0.0 Зачеты :0.0 Зачеты с оценкой :0.0 Курсовые проекты :8 Курсовые работы :0.0 Реферат :0.0 
2019-03-08 16:09:31 INFO  ThreadParse:146 -  СР 0.0  Контроль 16 По ЗЕТ 0.0  Часов в з.е. 72  Итог: экспертное  72  Контакт часы 16 
2019-03-08 16:09:31 INFO  ThreadParse:146 - 8 семестр Курсовые проекты  72.0 16.0 0.0 16.0 0.0 22.0 18.0 
2019-03-08 16:09:31 INFO  ThreadParse:146 -  Номер кафедры 114.0  Кафедра КБ-4 «Автоматизированные системы управления» 
2019-03-08 16:09:31 INFO  ThreadParse:146 - Б2.У.1 Практика по получению первичных профессиональных умений и навыков, в том числе первичных умений и навыков научно-исследовательской деятельности 
2019-03-08 16:09:31 INFO  ThreadParse:146 - Экзамены :Вар Зачеты :0.0 Зачеты с оценкой :0.0 Курсовые проекты :0.0 Курсовые работы :4 Реферат :0.0 
2019-03-08 16:09:31 INFO  ThreadParse:146 -  СР 0.0  Контроль 0.0 По ЗЕТ 0.0  Часов в з.е. 108  Итог: экспертное  0.0  Контакт часы 0.0 
2019-03-08 16:09:31 INFO  ThreadParse:146 -  Номер кафедры 114.0  Кафедра КБ-4 «Автоматизированные системы управления» 
2019-03-08 16:09:31 INFO  ThreadParse:146 - Б2.П.1 Практика по получения профессиональных умений и опыта профессиональной деятельности 
2019-03-08 16:09:31 INFO  ThreadParse:146 - Экзамены :Вар Зачеты :V Зачеты с оценкой :0.0 Курсовые проекты :0.0 Курсовые работы :8 Реферат :0.0 
2019-03-08 16:09:31 INFO  ThreadParse:146 -  СР 0.0  Контроль 0.0 По ЗЕТ 0.0  Часов в з.е. 108  Итог: экспертное  0.0  Контакт часы 0.0 
2019-03-08 16:09:31 INFO  ThreadParse:146 -  Номер кафедры 114.0  Кафедра КБ-4 «Автоматизированные системы управления» 
2019-03-08 16:09:31 INFO  ThreadParse:146 - Б2.П.2 Преддипломная практика 
2019-03-08 16:09:31 INFO  ThreadParse:146 - Экзамены :Вар Зачеты :0.0 Зачеты с оценкой :0.0 Курсовые проекты :0.0 Курсовые работы :8 Реферат :0.0 
2019-03-08 16:09:31 INFO  ThreadParse:146 -  СР 0.0  Контроль 0.0 По ЗЕТ 0.0  Часов в з.е. 216  Итог: экспертное  0.0  Контакт часы 0.0 
2019-03-08 16:09:31 INFO  ThreadParse:146 -  Номер кафедры 144.0  Кафедра Резерв 144 (реорганизована) 
2019-03-08 16:09:31 INFO  ThreadParse:146 - Б3.Г.1 Государственный экзамен 
2019-03-08 16:09:31 INFO  ThreadParse:146 - Экзамены :0.0 Зачеты :0.0 Зачеты с оценкой :8 Курсовые проекты :0.0 Курсовые работы :0.0 Реферат :0.0 
2019-03-08 16:09:31 INFO  ThreadParse:146 -  СР 0.0  Контроль 0.0 По ЗЕТ 0.0  Часов в з.е. 108  Итог: экспертное  108  Контакт часы 0.0 
2019-03-08 16:09:31 INFO  ThreadParse:146 - 8 семестр Зачеты с оценкой  108.0 0.0 0.0 0.0 0.0 72.0 36.0 
2019-03-08 16:09:31 INFO  ThreadParse:146 -  Номер кафедры 114.0  Кафедра КБ-4 «Автоматизированные системы управления» 
2019-03-08 16:09:31 INFO  ThreadParse:146 - Б3.Д.1 Выпускная квалификационная работа 
2019-03-08 16:09:31 INFO  ThreadParse:146 - Экзамены :Баз Зачеты :0.0 Зачеты с оценкой :0.0 Курсовые проекты :0.0 Курсовые работы :0.0 Реферат :0.0 
2019-03-08 16:09:31 INFO  ThreadParse:146 -  СР 0.0  Контроль 0.0 По ЗЕТ 0.0  Часов в з.е. 216  Итог: экспертное  216  Контакт часы 0.0 
2019-03-08 16:09:31 INFO  ThreadParse:146 -  Номер кафедры 114.0  Кафедра КБ-4 «Автоматизированные системы управления» 
2019-03-08 16:09:31 INFO  ThreadParse:146 - ФТД.1 Культура речи 
2019-03-08 16:09:31 INFO  ThreadParse:146 - Экзамены :0.0 Зачеты :0.0 Зачеты с оценкой :0.0 Курсовые проекты :7 Курсовые работы :0.0 Реферат :0.0 
2019-03-08 16:09:31 INFO  ThreadParse:146 -  СР 0.0  Контроль 8 По ЗЕТ 0.0  Часов в з.е. 36  Итог: экспертное  36  Контакт часы 8 
2019-03-08 16:09:31 INFO  ThreadParse:146 - 7 семестр Курсовые проекты  36.0 8.0 0.0 8.0 0.0 11.0 9.0 
2019-03-08 16:09:31 INFO  ThreadParse:146 -  Номер кафедры 99.0  Кафедра Резерв 99 (реорганизована) 
2019-03-08 16:31:10 INFO  ThreadParse:24 - Батя в парере C:\Users\Alexandr\Downloads\Project_uni\Exel\09.03.02_ИТСАиБ_ИКБСП_2017.plm.xml.xls
2019-03-08 16:31:11 INFO  ThreadParse:27 - Бэнг (План) C:\Users\Alexandr\Downloads\Project_uni\Exel\09.03.02_ИТСАиБ_ИКБСП_2017.plm.xml.xls
2019-03-08 16:31:11 INFO  ThreadParse:30 - Бэнг (Компетенции) C:\Users\Alexandr\Downloads\Project_uni\Exel\09.03.02_ИТСАиБ_ИКБСП_2017.plm.xml.xls
2019-03-08 16:31:11 INFO  Plan:75 - Направление: "Информационные системы и технологии"
2019-03-08 16:31:11 INFO  ThreadParse:33 - Бэнг (План сам) C:\Users\Alexandr\Downloads\Project_uni\Exel\09.03.02_ИТСАиБ_ИКБСП_2017.plm.xml.xls
2019-03-08 16:31:36 INFO  ThreadParse:36 - Кинул в бд C:\Users\Alexandr\Downloads\Project_uni\Exel\09.03.02_ИТСАиБ_ИКБСП_2017.plm.xml.xls
2019-03-08 16:31:36 INFO  ThreadParse:38 - Батя покидает парсер C:\Users\Alexandr\Downloads\Project_uni\Exel\09.03.02_ИТСАиБ_ИКБСП_2017.plm.xml.xls
2019-03-08 16:41:39 INFO  ThreadParse:21 - Братки выехали C:\Users\Alexandr\Downloads\Project_uni\Exel/09.03.01_АСОИиУ_ИКБСП_2014.plm.xml.xls
2019-03-08 16:41:39 INFO  ThreadParse:21 - Братки выехали C:\Users\Alexandr\Downloads\Project_uni\Exel/09.03.01_АСОИиУ_ИКБСП_2015.plm.xml.xls
2019-03-08 16:41:39 INFO  ThreadParse:21 - Братки выехали C:\Users\Alexandr\Downloads\Project_uni\Exel/09.03.02._ИСиТ_ИКБСП_2014.plm.xml.xls
2019-03-08 16:41:39 INFO  ThreadParse:21 - Братки выехали C:\Users\Alexandr\Downloads\Project_uni\Exel/09.03.02_ИТСАиБ_ИКБСП_2015.plm.xml.xls
2019-03-08 16:41:39 INFO  ThreadParse:21 - Братки выехали C:\Users\Alexandr\Downloads\Project_uni\Exel/09.03.01_АСКЗиОИ_ИКБСП_2016.plm.xml.xls
2019-03-08 16:41:40 INFO  Plan:75 - Направление: "Информатика и вычислительная техника"
2019-03-08 16:41:40 INFO  Plan:75 -  Информатика и вычислительная техника
2019-03-08 16:41:40 INFO  Plan:75 - Направление: "Информационные системы и технологии"
2019-03-08 16:41:40 INFO  Plan:75 -  Информатика и вычислительная техника
2019-03-08 16:41:40 INFO  Plan:75 - Направление: "Информационные системы и технологии"
2019-03-08 16:41:41 INFO  ThreadParse:27 - Успешно вынесли мусор C:\Users\Alexandr\Downloads\Project_uni\Exel/09.03.02_ИТСАиБ_ИКБСП_2015.plm.xml.xls
2019-03-08 16:41:41 INFO  ThreadParse:27 - Успешно вынесли мусор C:\Users\Alexandr\Downloads\Project_uni\Exel/09.03.02._ИСиТ_ИКБСП_2014.plm.xml.xls
2019-03-08 16:41:41 INFO  ThreadParse:27 - Успешно вынесли мусор C:\Users\Alexandr\Downloads\Project_uni\Exel/09.03.01_АСОИиУ_ИКБСП_2014.plm.xml.xls
2019-03-08 16:41:41 INFO  ThreadParse:21 - Братки выехали C:\Users\Alexandr\Downloads\Project_uni\Exel/09.03.02_ИТСАиБ_ИКБСП_2017.plm.xml.xls
2019-03-08 16:41:41 INFO  ThreadParse:21 - Братки выехали C:\Users\Alexandr\Downloads\Project_uni\Exel/09.03.02_ИТСАиБ_ИКБСП_2016.plm.xml.xls
2019-03-08 16:41:41 INFO  ThreadParse:21 - Братки выехали C:\Users\Alexandr\Downloads\Project_uni\Exel/09.04.02_ИИСиТ_ИКБСП_2016.plm.xml.xls
2019-03-08 16:41:41 INFO  ThreadParse:27 - Успешно вынесли мусор C:\Users\Alexandr\Downloads\Project_uni\Exel/09.03.01_АСОИиУ_ИКБСП_2015.plm.xml.xls
2019-03-08 16:41:41 INFO  ThreadParse:21 - Братки выехали C:\Users\Alexandr\Downloads\Project_uni\Exel/09_03_02_ITSAiB_IKBSP_2016_17-18_plx.xls
2019-03-08 16:41:41 INFO  Plan:75 - 0.0
2019-03-08 16:41:41 ERROR ThreadParse:32 - For input string: "0.0"
2019-03-08 16:41:41 INFO  Plan:75 -  Информационные системы и технологии
2019-03-08 16:41:41 INFO  Plan:75 - Направление: "Информационные системы и технологии"
2019-03-08 16:41:41 INFO  Plan:75 - Направление: "Информационные системы и технологии"
2019-03-08 16:41:41 INFO  ThreadParse:27 - Успешно вынесли мусор C:\Users\Alexandr\Downloads\Project_uni\Exel/09.03.01_АСКЗиОИ_ИКБСП_2016.plm.xml.xls
2019-03-08 16:41:42 INFO  ThreadParse:27 - Успешно вынесли мусор C:\Users\Alexandr\Downloads\Project_uni\Exel/09.04.02_ИИСиТ_ИКБСП_2016.plm.xml.xls
2019-03-08 16:41:42 INFO  ThreadParse:27 - Успешно вынесли мусор C:\Users\Alexandr\Downloads\Project_uni\Exel/09.03.02_ИТСАиБ_ИКБСП_2016.plm.xml.xls
2019-03-08 16:41:42 INFO  ThreadParse:27 - Успешно вынесли мусор C:\Users\Alexandr\Downloads\Project_uni\Exel/09.03.02_ИТСАиБ_ИКБСП_2017.plm.xml.xls
2019-03-08 16:42:08 INFO  ThreadParse:24 - Батя в парере C:\Users\Alexandr\Downloads\Project_uni\Exel\09.03.02_ИТСАиБ_ИКБСП_2017.plm.xml.xls
2019-03-08 16:42:08 INFO  ThreadParse:27 - Бэнг (План) C:\Users\Alexandr\Downloads\Project_uni\Exel\09.03.02_ИТСАиБ_ИКБСП_2017.plm.xml.xls
2019-03-08 16:42:08 INFO  ThreadParse:30 - Бэнг (Компетенции) C:\Users\Alexandr\Downloads\Project_uni\Exel\09.03.02_ИТСАиБ_ИКБСП_2017.plm.xml.xls
2019-03-08 16:42:08 INFO  Plan:75 - Направление: "Информационные системы и технологии"
2019-03-08 16:42:08 INFO  ThreadParse:33 - Бэнг (План сам) C:\Users\Alexandr\Downloads\Project_uni\Exel\09.03.02_ИТСАиБ_ИКБСП_2017.plm.xml.xls
2019-03-08 16:42:28 INFO  ThreadParse:36 - Кинул в бд C:\Users\Alexandr\Downloads\Project_uni\Exel\09.03.02_ИТСАиБ_ИКБСП_2017.plm.xml.xls
2019-03-08 16:42:28 INFO  ThreadParse:38 - Батя покидает парсер C:\Users\Alexandr\Downloads\Project_uni\Exel\09.03.02_ИТСАиБ_ИКБСП_2017.plm.xml.xls
2019-03-08 17:28:55 INFO  ThreadParse:24 - Батя в парере C:\Users\Alexandr\Downloads\Project_uni\Exel\09.03.02_ИТСАиБ_ИКБСП_2017.plm.xml.xls
2019-03-08 17:28:56 INFO  ThreadParse:27 - Бэнг (План) C:\Users\Alexandr\Downloads\Project_uni\Exel\09.03.02_ИТСАиБ_ИКБСП_2017.plm.xml.xls
2019-03-08 17:28:56 INFO  ThreadParse:30 - Бэнг (Компетенции) C:\Users\Alexandr\Downloads\Project_uni\Exel\09.03.02_ИТСАиБ_ИКБСП_2017.plm.xml.xls
2019-03-08 17:28:56 INFO  Plan:75 - Направление: "Информационные системы и технологии"
2019-03-08 17:28:56 INFO  ThreadParse:33 - Бэнг (План сам) C:\Users\Alexandr\Downloads\Project_uni\Exel\09.03.02_ИТСАиБ_ИКБСП_2017.plm.xml.xls
2019-03-08 17:29:30 INFO  ThreadParse:36 - Кинул в бд C:\Users\Alexandr\Downloads\Project_uni\Exel\09.03.02_ИТСАиБ_ИКБСП_2017.plm.xml.xls
2019-03-08 17:29:30 INFO  ThreadParse:38 - Батя покидает парсер C:\Users\Alexandr\Downloads\Project_uni\Exel\09.03.02_ИТСАиБ_ИКБСП_2017.plm.xml.xls
2019-03-08 17:31:26 INFO  ThreadParse:21 - Братки выехали C:\Users\Alexandr\Downloads\Project_uni\Exel/09.03.02._ИСиТ_ИКБСП_2014.plm.xml.xls
2019-03-08 17:31:26 INFO  ThreadParse:21 - Братки выехали C:\Users\Alexandr\Downloads\Project_uni\Exel/09.03.01_АСОИиУ_ИКБСП_2015.plm.xml.xls
2019-03-08 17:31:26 INFO  ThreadParse:21 - Братки выехали C:\Users\Alexandr\Downloads\Project_uni\Exel/09.03.01_АСКЗиОИ_ИКБСП_2016.plm.xml.xls
2019-03-08 17:31:26 INFO  ThreadParse:21 - Братки выехали C:\Users\Alexandr\Downloads\Project_uni\Exel/09.03.02_ИТСАиБ_ИКБСП_2015.plm.xml.xls
2019-03-08 17:31:26 INFO  ThreadParse:21 - Братки выехали C:\Users\Alexandr\Downloads\Project_uni\Exel/09.03.01_АСОИиУ_ИКБСП_2014.plm.xml.xls
2019-03-08 17:31:27 INFO  Plan:75 -  Информатика и вычислительная техника
2019-03-08 17:31:27 INFO  Plan:75 - Направление: "Информатика и вычислительная техника"
2019-03-08 17:31:27 INFO  Plan:75 - Направление: "Информационные системы и технологии"
2019-03-08 17:31:27 INFO  Plan:75 - Направление: "Информационные системы и технологии"
2019-03-08 17:31:27 INFO  Plan:75 -  Информатика и вычислительная техника
2019-03-08 17:31:29 INFO  ThreadParse:27 - Успешно вынесли мусор C:\Users\Alexandr\Downloads\Project_uni\Exel/09.03.02._ИСиТ_ИКБСП_2014.plm.xml.xls
2019-03-08 17:31:29 INFO  ThreadParse:27 - Успешно вынесли мусор C:\Users\Alexandr\Downloads\Project_uni\Exel/09.03.02_ИТСАиБ_ИКБСП_2015.plm.xml.xls
2019-03-08 17:31:29 INFO  ThreadParse:21 - Братки выехали C:\Users\Alexandr\Downloads\Project_uni\Exel/09.03.02_ИТСАиБ_ИКБСП_2016.plm.xml.xls
2019-03-08 17:31:29 INFO  ThreadParse:21 - Братки выехали C:\Users\Alexandr\Downloads\Project_uni\Exel/09.03.02_ИТСАиБ_ИКБСП_2017.plm.xml.xls
2019-03-08 17:31:29 INFO  ThreadParse:27 - Успешно вынесли мусор C:\Users\Alexandr\Downloads\Project_uni\Exel/09.03.01_АСОИиУ_ИКБСП_2015.plm.xml.xls
2019-03-08 17:31:29 INFO  ThreadParse:21 - Братки выехали C:\Users\Alexandr\Downloads\Project_uni\Exel/09.04.02_ИИСиТ_ИКБСП_2016.plm.xml.xls
2019-03-08 17:31:29 INFO  ThreadParse:27 - Успешно вынесли мусор C:\Users\Alexandr\Downloads\Project_uni\Exel/09.03.01_АСКЗиОИ_ИКБСП_2016.plm.xml.xls
2019-03-08 17:31:29 INFO  ThreadParse:21 - Братки выехали C:\Users\Alexandr\Downloads\Project_uni\Exel/09_03_02_ITSAiB_IKBSP_2016_17-18_plx.xls
2019-03-08 17:31:29 INFO  ThreadParse:27 - Успешно вынесли мусор C:\Users\Alexandr\Downloads\Project_uni\Exel/09.03.01_АСОИиУ_ИКБСП_2014.plm.xml.xls
2019-03-08 17:31:29 INFO  Plan:75 -  Информационные системы и технологии
2019-03-08 17:31:29 INFO  Plan:75 - Направление: "Информационные системы и технологии"
2019-03-08 17:31:29 INFO  Plan:75 - 0.0
2019-03-08 17:31:29 ERROR ThreadParse:32 - For input string: "0.0"
2019-03-08 17:31:29 INFO  Plan:75 - Направление: "Информационные системы и технологии"
2019-03-08 17:31:29 INFO  ThreadParse:27 - Успешно вынесли мусор C:\Users\Alexandr\Downloads\Project_uni\Exel/09.04.02_ИИСиТ_ИКБСП_2016.plm.xml.xls
2019-03-08 17:31:29 INFO  ThreadParse:27 - Успешно вынесли мусор C:\Users\Alexandr\Downloads\Project_uni\Exel/09.03.02_ИТСАиБ_ИКБСП_2016.plm.xml.xls
2019-03-08 17:31:30 INFO  ThreadParse:27 - Успешно вынесли мусор C:\Users\Alexandr\Downloads\Project_uni\Exel/09.03.02_ИТСАиБ_ИКБСП_2017.plm.xml.xls
2019-03-08 17:31:43 INFO  ThreadParse:24 - Батя в парере C:\Users\Alexandr\Downloads\Project_uni\Exel\09.03.02_ИТСАиБ_ИКБСП_2017.plm.xml.xls
2019-03-08 17:31:43 INFO  ThreadParse:27 - Бэнг (План) C:\Users\Alexandr\Downloads\Project_uni\Exel\09.03.02_ИТСАиБ_ИКБСП_2017.plm.xml.xls
2019-03-08 17:31:44 INFO  ThreadParse:30 - Бэнг (Компетенции) C:\Users\Alexandr\Downloads\Project_uni\Exel\09.03.02_ИТСАиБ_ИКБСП_2017.plm.xml.xls
2019-03-08 17:31:44 INFO  Plan:75 - Направление: "Информационные системы и технологии"
2019-03-08 17:31:44 INFO  ThreadParse:33 - Бэнг (План сам) C:\Users\Alexandr\Downloads\Project_uni\Exel\09.03.02_ИТСАиБ_ИКБСП_2017.plm.xml.xls
2019-03-08 17:32:07 INFO  ThreadParse:36 - Кинул в бд C:\Users\Alexandr\Downloads\Project_uni\Exel\09.03.02_ИТСАиБ_ИКБСП_2017.plm.xml.xls
2019-03-08 17:32:07 INFO  ThreadParse:38 - Батя покидает парсер C:\Users\Alexandr\Downloads\Project_uni\Exel\09.03.02_ИТСАиБ_ИКБСП_2017.plm.xml.xls
2019-03-08 17:33:55 INFO  ThreadParse:21 - Братки выехали C:\Users\Alexandr\Downloads\Project_uni\Exel/09.03.02._ИСиТ_ИКБСП_2014.plm.xml.xls
2019-03-08 17:33:55 INFO  ThreadParse:21 - Братки выехали C:\Users\Alexandr\Downloads\Project_uni\Exel/09.03.01_АСОИиУ_ИКБСП_2014.plm.xml.xls
2019-03-08 17:33:55 INFO  ThreadParse:21 - Братки выехали C:\Users\Alexandr\Downloads\Project_uni\Exel/09.03.01_АСОИиУ_ИКБСП_2015.plm.xml.xls
2019-03-08 17:33:55 INFO  ThreadParse:21 - Братки выехали C:\Users\Alexandr\Downloads\Project_uni\Exel/09.03.01_АСКЗиОИ_ИКБСП_2016.plm.xml.xls
2019-03-08 17:33:55 INFO  ThreadParse:21 - Братки выехали C:\Users\Alexandr\Downloads\Project_uni\Exel/09.03.02_ИТСАиБ_ИКБСП_2015.plm.xml.xls
2019-03-08 17:33:56 INFO  Plan:75 - Направление: "Информатика и вычислительная техника"
2019-03-08 17:33:56 INFO  Plan:75 -  Информатика и вычислительная техника
2019-03-08 17:33:56 INFO  Plan:75 - Направление: "Информационные системы и технологии"
2019-03-08 17:33:56 INFO  Plan:75 -  Информатика и вычислительная техника
2019-03-08 17:33:56 INFO  Plan:75 - Направление: "Информационные системы и технологии"
2019-03-08 17:33:58 INFO  ThreadParse:27 - Успешно вынесли мусор C:\Users\Alexandr\Downloads\Project_uni\Exel/09.03.01_АСОИиУ_ИКБСП_2014.plm.xml.xls
2019-03-08 17:33:58 INFO  ThreadParse:27 - Успешно вынесли мусор C:\Users\Alexandr\Downloads\Project_uni\Exel/09.03.02._ИСиТ_ИКБСП_2014.plm.xml.xls
2019-03-08 17:33:58 INFO  ThreadParse:21 - Братки выехали C:\Users\Alexandr\Downloads\Project_uni\Exel/09.03.02_ИТСАиБ_ИКБСП_2017.plm.xml.xls
2019-03-08 17:33:58 INFO  ThreadParse:27 - Успешно вынесли мусор C:\Users\Alexandr\Downloads\Project_uni\Exel/09.03.01_АСОИиУ_ИКБСП_2015.plm.xml.xls
2019-03-08 17:33:58 INFO  ThreadParse:21 - Братки выехали C:\Users\Alexandr\Downloads\Project_uni\Exel/09.03.02_ИТСАиБ_ИКБСП_2016.plm.xml.xls
2019-03-08 17:33:58 INFO  ThreadParse:21 - Братки выехали C:\Users\Alexandr\Downloads\Project_uni\Exel/09.04.02_ИИСиТ_ИКБСП_2016.plm.xml.xls
2019-03-08 17:33:58 INFO  ThreadParse:27 - Успешно вынесли мусор C:\Users\Alexandr\Downloads\Project_uni\Exel/09.03.01_АСКЗиОИ_ИКБСП_2016.plm.xml.xls
2019-03-08 17:33:58 INFO  ThreadParse:21 - Братки выехали C:\Users\Alexandr\Downloads\Project_uni\Exel/09_03_02_ITSAiB_IKBSP_2016_17-18_plx.xls
2019-03-08 17:33:58 INFO  ThreadParse:27 - Успешно вынесли мусор C:\Users\Alexandr\Downloads\Project_uni\Exel/09.03.02_ИТСАиБ_ИКБСП_2015.plm.xml.xls
2019-03-08 17:33:58 INFO  Plan:75 - 0.0
2019-03-08 17:33:58 ERROR ThreadParse:32 - For input string: "0.0"
2019-03-08 17:33:58 INFO  Plan:75 -  Информационные системы и технологии
2019-03-08 17:33:58 INFO  Plan:75 - Направление: "Информационные системы и технологии"
2019-03-08 17:33:58 INFO  Plan:75 - Направление: "Информационные системы и технологии"
2019-03-08 17:33:58 INFO  ThreadParse:27 - Успешно вынесли мусор C:\Users\Alexandr\Downloads\Project_uni\Exel/09.04.02_ИИСиТ_ИКБСП_2016.plm.xml.xls
2019-03-08 17:33:58 INFO  ThreadParse:27 - Успешно вынесли мусор C:\Users\Alexandr\Downloads\Project_uni\Exel/09.03.02_ИТСАиБ_ИКБСП_2016.plm.xml.xls
2019-03-08 17:33:59 INFO  ThreadParse:27 - Успешно вынесли мусор C:\Users\Alexandr\Downloads\Project_uni\Exel/09.03.02_ИТСАиБ_ИКБСП_2017.plm.xml.xls
2019-03-08 17:34:10 INFO  ThreadParse:24 - Батя в парере C:\Users\Alexandr\Downloads\Project_uni\Exel\09.03.02_ИТСАиБ_ИКБСП_2017.plm.xml.xls
2019-03-08 17:34:10 INFO  ThreadParse:27 - Бэнг (План) C:\Users\Alexandr\Downloads\Project_uni\Exel\09.03.02_ИТСАиБ_ИКБСП_2017.plm.xml.xls
2019-03-08 17:34:10 INFO  ThreadParse:30 - Бэнг (Компетенции) C:\Users\Alexandr\Downloads\Project_uni\Exel\09.03.02_ИТСАиБ_ИКБСП_2017.plm.xml.xls
2019-03-08 17:34:10 INFO  Plan:75 - Направление: "Информационные системы и технологии"
2019-03-08 17:34:10 INFO  ThreadParse:33 - Бэнг (План сам) C:\Users\Alexandr\Downloads\Project_uni\Exel\09.03.02_ИТСАиБ_ИКБСП_2017.plm.xml.xls
2019-03-08 17:34:30 INFO  ThreadParse:36 - Кинул в бд C:\Users\Alexandr\Downloads\Project_uni\Exel\09.03.02_ИТСАиБ_ИКБСП_2017.plm.xml.xls
2019-03-08 17:34:31 INFO  ThreadParse:38 - Батя покидает парсер C:\Users\Alexandr\Downloads\Project_uni\Exel\09.03.02_ИТСАиБ_ИКБСП_2017.plm.xml.xls
2019-03-09 16:46:09 INFO  ThreadParse:21 - Братки выехали C:\Users\Alexandr\Downloads\Project_uni\Exel/09.03.01_АСКЗиОИ_ИКБСП_2016.plm.xml.xls
2019-03-09 16:46:09 INFO  ThreadParse:21 - Братки выехали C:\Users\Alexandr\Downloads\Project_uni\Exel/09.03.02._ИСиТ_ИКБСП_2014.plm.xml.xls
2019-03-09 16:46:09 INFO  ThreadParse:21 - Братки выехали C:\Users\Alexandr\Downloads\Project_uni\Exel/09.03.01_АСОИиУ_ИКБСП_2015.plm.xml.xls
2019-03-09 16:46:09 INFO  ThreadParse:21 - Братки выехали C:\Users\Alexandr\Downloads\Project_uni\Exel/09.03.02_ИТСАиБ_ИКБСП_2015.plm.xml.xls
2019-03-09 16:46:09 INFO  ThreadParse:21 - Братки выехали C:\Users\Alexandr\Downloads\Project_uni\Exel/09.03.01_АСОИиУ_ИКБСП_2014.plm.xml.xls
2019-03-09 16:46:10 INFO  Plan:75 -  Информатика и вычислительная техника
2019-03-09 16:46:10 INFO  Plan:75 -  Информатика и вычислительная техника
2019-03-09 16:46:10 INFO  Plan:75 - Направление: "Информатика и вычислительная техника"
2019-03-09 16:46:10 INFO  Plan:75 - Направление: "Информационные системы и технологии"
2019-03-09 16:46:10 INFO  Plan:75 - Направление: "Информационные системы и технологии"
2019-03-09 16:46:13 INFO  ThreadParse:27 - Успешно вынесли мусор C:\Users\Alexandr\Downloads\Project_uni\Exel/09.03.01_АСОИиУ_ИКБСП_2014.plm.xml.xls
2019-03-09 16:46:13 INFO  ThreadParse:21 - Братки выехали C:\Users\Alexandr\Downloads\Project_uni\Exel/09.03.02_ИТСАиБ_ИКБСП_2016.plm.xml.xls
2019-03-09 16:46:13 INFO  ThreadParse:27 - Успешно вынесли мусор C:\Users\Alexandr\Downloads\Project_uni\Exel/09.03.02_ИТСАиБ_ИКБСП_2015.plm.xml.xls
2019-03-09 16:46:13 INFO  ThreadParse:21 - Братки выехали C:\Users\Alexandr\Downloads\Project_uni\Exel/09.03.02_ИТСАиБ_ИКБСП_2017.plm.xml.xls
2019-03-09 16:46:13 INFO  ThreadParse:27 - Успешно вынесли мусор C:\Users\Alexandr\Downloads\Project_uni\Exel/09.03.01_АСКЗиОИ_ИКБСП_2016.plm.xml.xls
2019-03-09 16:46:13 INFO  ThreadParse:21 - Братки выехали C:\Users\Alexandr\Downloads\Project_uni\Exel/09.04.02_ИИСиТ_ИКБСП_2016.plm.xml.xls
2019-03-09 16:46:13 INFO  ThreadParse:27 - Успешно вынесли мусор C:\Users\Alexandr\Downloads\Project_uni\Exel/09.03.01_АСОИиУ_ИКБСП_2015.plm.xml.xls
2019-03-09 16:46:13 INFO  ThreadParse:21 - Братки выехали C:\Users\Alexandr\Downloads\Project_uni\Exel/09_03_02_ITSAiB_IKBSP_2016_17-18_plx.xls
2019-03-09 16:46:13 INFO  ThreadParse:27 - Успешно вынесли мусор C:\Users\Alexandr\Downloads\Project_uni\Exel/09.03.02._ИСиТ_ИКБСП_2014.plm.xml.xls
2019-03-09 16:46:13 INFO  Plan:75 - 0.0
2019-03-09 16:46:13 INFO  Plan:75 - Направление: "Информационные системы и технологии"
2019-03-09 16:46:13 INFO  Plan:75 -  Информационные системы и технологии
2019-03-09 16:46:13 ERROR ThreadParse:32 - For input string: "0.0"
2019-03-09 16:46:13 INFO  Plan:75 - Направление: "Информационные системы и технологии"
2019-03-09 16:46:14 INFO  ThreadParse:27 - Успешно вынесли мусор C:\Users\Alexandr\Downloads\Project_uni\Exel/09.04.02_ИИСиТ_ИКБСП_2016.plm.xml.xls
2019-03-09 16:46:14 INFO  ThreadParse:27 - Успешно вынесли мусор C:\Users\Alexandr\Downloads\Project_uni\Exel/09.03.02_ИТСАиБ_ИКБСП_2016.plm.xml.xls
2019-03-09 16:46:14 INFO  ThreadParse:27 - Успешно вынесли мусор C:\Users\Alexandr\Downloads\Project_uni\Exel/09.03.02_ИТСАиБ_ИКБСП_2017.plm.xml.xls
2019-03-09 16:46:34 INFO  ThreadParse:24 - Батя в парере C:\Users\Alexandr\Downloads\Project_uni\Exel\09.03.02_ИТСАиБ_ИКБСП_2017.plm.xml.xls
2019-03-09 16:46:34 ERROR ThreadParse:43 - For input string: "Итог: экспертное  10"
2019-03-09 16:47:07 INFO  ThreadParse:24 - Батя в парере C:\Users\Alexandr\Downloads\Project_uni\Exel\09.03.02_ИТСАиБ_ИКБСП_2017.plm.xml.xls
2019-03-09 16:47:07 ERROR ThreadParse:43 - For input string: "Итог: экспертное  10"
2019-03-09 16:49:59 INFO  ThreadParse:24 - Батя в парере C:\Users\Alexandr\Downloads\Project_uni\Exel\09.03.02_ИТСАиБ_ИКБСП_2017.plm.xml.xls
2019-03-09 16:49:59 ERROR ThreadParse:43 - For input string: "Итог: экспертное  10"
2019-03-09 16:51:50 INFO  ThreadParse:24 - Батя в парере C:\Users\Alexandr\Downloads\Project_uni\Exel\09.03.02_ИТСАиБ_ИКБСП_2017.plm.xml.xls
2019-03-09 16:51:51 ERROR ThreadParse:43 - For input string: "Итог: экспертное  10"
2019-03-09 16:52:25 INFO  ThreadParse:24 - Батя в парере C:\Users\Alexandr\Downloads\Project_uni\Exel\09.03.02_ИТСАиБ_ИКБСП_2017.plm.xml.xls
2019-03-09 16:52:25 ERROR ThreadParse:43 - For input string: "Итог: экспертное 10"
2019-03-09 16:55:19 INFO  ThreadParse:24 - Батя в парсере HOURS_TOTAL_INDEXES.keySet()
2019-03-09 16:55:19 ERROR Plan:77 - HOURS_TOTAL_INDEXES.keySet() (Не удается найти указанный файл)
2019-03-09 16:55:19 ERROR ThreadParse:40 - Не найдено файла
2019-03-09 16:55:32 INFO  ThreadParse:24 - Батя в парсере C:\Users\Alexandr\Downloads\Project_uni\Exel\09.03.02_ИТСАиБ_ИКБСП_2017.plm.xml.xls
2019-03-09 16:55:33 ERROR ThreadParse:43 - 1
2019-03-09 17:17:32 INFO  ThreadParse:24 - Батя в парсере C:\Users\Alexandr\Downloads\Project_uni\Exel\09.03.02_ИТСАиБ_ИКБСП_2017.plm.xml.xls
2019-03-09 17:17:32 INFO  ThreadParse:27 - Бэнг (План) C:\Users\Alexandr\Downloads\Project_uni\Exel\09.03.02_ИТСАиБ_ИКБСП_2017.plm.xml.xls
2019-03-09 17:17:33 INFO  ThreadParse:30 - Бэнг (Компетенции) C:\Users\Alexandr\Downloads\Project_uni\Exel\09.03.02_ИТСАиБ_ИКБСП_2017.plm.xml.xls
2019-03-09 17:17:33 INFO  Plan:75 - Направление: "Информационные системы и технологии"
2019-03-09 17:17:33 INFO  ThreadParse:33 - Бэнг (План сам) C:\Users\Alexandr\Downloads\Project_uni\Exel\09.03.02_ИТСАиБ_ИКБСП_2017.plm.xml.xls
2019-03-09 17:20:09 INFO  ThreadParse:36 - Кинул в бд C:\Users\Alexandr\Downloads\Project_uni\Exel\09.03.02_ИТСАиБ_ИКБСП_2017.plm.xml.xls
2019-03-09 17:20:09 INFO  ThreadParse:38 - Батя покидает парсер C:\Users\Alexandr\Downloads\Project_uni\Exel\09.03.02_ИТСАиБ_ИКБСП_2017.plm.xml.xls
2019-03-09 17:21:57 INFO  ThreadParse:24 - Батя в парсере C:\Users\Alexandr\Downloads\Project_uni\Exel\09.03.02_ИТСАиБ_ИКБСП_2017.plm.xml.xls
2019-03-09 17:21:58 INFO  ThreadParse:27 - Бэнг (План) C:\Users\Alexandr\Downloads\Project_uni\Exel\09.03.02_ИТСАиБ_ИКБСП_2017.plm.xml.xls
2019-03-09 17:21:58 INFO  ThreadParse:30 - Бэнг (Компетенции) C:\Users\Alexandr\Downloads\Project_uni\Exel\09.03.02_ИТСАиБ_ИКБСП_2017.plm.xml.xls
2019-03-09 17:21:58 INFO  Plan:75 - Направление: "Информационные системы и технологии"
2019-03-09 17:21:58 INFO  ThreadParse:33 - Бэнг (План сам) C:\Users\Alexandr\Downloads\Project_uni\Exel\09.03.02_ИТСАиБ_ИКБСП_2017.plm.xml.xls
2019-03-09 17:24:35 INFO  ThreadParse:36 - Кинул в бд C:\Users\Alexandr\Downloads\Project_uni\Exel\09.03.02_ИТСАиБ_ИКБСП_2017.plm.xml.xls
2019-03-09 17:24:35 INFO  ThreadParse:38 - Батя покидает парсер C:\Users\Alexandr\Downloads\Project_uni\Exel\09.03.02_ИТСАиБ_ИКБСП_2017.plm.xml.xls
2019-03-09 18:38:56 INFO  ThreadParse:24 - Батя в парсере C:/Users/Alexandr/Downloads/Project_uni/Exel/09.03.02_ИТСАиБ_ИКБСП_2016.plm.xml.xls
2019-03-09 18:38:56 INFO  ThreadParse:27 - Бэнг (План) C:/Users/Alexandr/Downloads/Project_uni/Exel/09.03.02_ИТСАиБ_ИКБСП_2016.plm.xml.xls
2019-03-09 18:38:57 INFO  ThreadParse:30 - Бэнг (Компетенции) C:/Users/Alexandr/Downloads/Project_uni/Exel/09.03.02_ИТСАиБ_ИКБСП_2016.plm.xml.xls
2019-03-09 18:38:57 INFO  Plan:75 - Направление: "Информационные системы и технологии"
2019-03-09 18:38:57 INFO  ThreadParse:33 - Бэнг (План сам) C:/Users/Alexandr/Downloads/Project_uni/Exel/09.03.02_ИТСАиБ_ИКБСП_2016.plm.xml.xls
2019-03-09 18:41:58 INFO  ThreadParse:36 - Кинул в бд C:/Users/Alexandr/Downloads/Project_uni/Exel/09.03.02_ИТСАиБ_ИКБСП_2016.plm.xml.xls
2019-03-09 18:41:58 INFO  ThreadParse:38 - Батя покидает парсер C:/Users/Alexandr/Downloads/Project_uni/Exel/09.03.02_ИТСАиБ_ИКБСП_2016.plm.xml.xls
2019-03-09 18:44:41 INFO  ThreadParse:24 - Батя в парсере 3
2019-03-09 18:44:41 ERROR Plan:77 - 3 (Не удается найти указанный файл)
2019-03-09 18:44:41 ERROR ThreadParse:40 - Не найдено файла
2019-03-09 18:44:47 INFO  ThreadParse:21 - Братки выехали C:/Users/Alexandr/Downloads/Project_uni/Exel/09.03.02_ИТСАиБ_ИКБСП_2016.plm.xml.xls
2019-03-09 18:44:47 INFO  Plan:75 - Направление: "Информационные системы и технологии"
2019-03-09 18:44:52 INFO  ThreadParse:27 - Успешно вынесли мусор C:/Users/Alexandr/Downloads/Project_uni/Exel/09.03.02_ИТСАиБ_ИКБСП_2016.plm.xml.xls
2019-03-09 18:45:10 INFO  ThreadParse:24 - Батя в парсере C:/Users/Alexandr/Downloads/Project_uni/Exel/09.03.02_ИТСАиБ_ИКБСП_2016.plm.xml.xls
2019-03-09 18:45:10 INFO  ThreadParse:27 - Бэнг (План) C:/Users/Alexandr/Downloads/Project_uni/Exel/09.03.02_ИТСАиБ_ИКБСП_2016.plm.xml.xls
2019-03-09 18:45:10 INFO  ThreadParse:30 - Бэнг (Компетенции) C:/Users/Alexandr/Downloads/Project_uni/Exel/09.03.02_ИТСАиБ_ИКБСП_2016.plm.xml.xls
2019-03-09 18:45:10 INFO  Plan:75 - Направление: "Информационные системы и технологии"
2019-03-09 18:45:10 INFO  ThreadParse:33 - Бэнг (План сам) C:/Users/Alexandr/Downloads/Project_uni/Exel/09.03.02_ИТСАиБ_ИКБСП_2016.plm.xml.xls
2019-03-09 18:45:31 INFO  ThreadParse:24 - Батя в парсере C:/Users/Alexandr/Downloads/Project_uni/Exel/09.03.02_ИТСАиБ_ИКБСП_2016.plm.xml.xls
2019-03-09 18:45:32 INFO  ThreadParse:27 - Бэнг (План) C:/Users/Alexandr/Downloads/Project_uni/Exel/09.03.02_ИТСАиБ_ИКБСП_2016.plm.xml.xls
2019-03-09 18:45:32 INFO  ThreadParse:30 - Бэнг (Компетенции) C:/Users/Alexandr/Downloads/Project_uni/Exel/09.03.02_ИТСАиБ_ИКБСП_2016.plm.xml.xls
2019-03-09 18:45:32 INFO  Plan:75 - Направление: "Информационные системы и технологии"
2019-03-09 18:45:32 INFO  ThreadParse:33 - Бэнг (План сам) C:/Users/Alexandr/Downloads/Project_uni/Exel/09.03.02_ИТСАиБ_ИКБСП_2016.plm.xml.xls
2019-03-28 21:00:33 INFO  Plan:75 - Направление: "Информационные системы и технологии"
